[2022/12/26 13:36:57.765] - Starting server with initial configuration: {"gasLimit":6721975,"gasPrice":20000000000,"hardfork":"muirGlacier","hostname":"127.0.0.1","port":8545,"network_id":4224,"default_balance_ether":100,"total_accounts":10,"unlocked_accounts":[],"locked":false,"vmErrorsOnRPCResponse":true,"verbose":true,"db_path":"C:\\Users\\msmas\\AppData\\Roaming\\Ganache\\workspaces\\Quickstart\\chaindata","logDirectory":"D:\\intellijproject\\ethreumdapp\\ethreumdapp\\bin\\src\\main\\resources\\smart_contract\\ganache logging"}
[2022/12/26 13:36:57.798] -  <   {
 <     "id": 1672040217738,
 <     "jsonrpc": "2.0",
 <     "result": true
 <   }
[2022/12/26 13:36:58.052] - eth_subscribe
[2022/12/26 13:36:58.052] -    > {
   >   "jsonrpc": "2.0",
   >   "id": 49,
   >   "method": "eth_subscribe",
   >   "params": [
   >     "newHeads"
   >   ]
   > }
[2022/12/26 13:36:58.053] - eth_getLogs
[2022/12/26 13:36:58.053] -    > {
   >   "jsonrpc": "2.0",
   >   "id": 50,
   >   "method": "eth_getLogs",
   >   "params": [
   >     {
   >       "topics": []
   >     }
   >   ]
   > }
[2022/12/26 13:36:58.054] - eth_subscribe
[2022/12/26 13:36:58.054] -    > {
   >   "jsonrpc": "2.0",
   >   "id": 51,
   >   "method": "eth_subscribe",
   >   "params": [
   >     "logs",
   >     {
   >       "topics": []
   >     }
   >   ]
   > }
[2022/12/26 13:36:58.054] -  <   {
 <     "id": 49,
 <     "jsonrpc": "2.0",
 <     "result": "0x1"
 <   }
[2022/12/26 13:36:58.060] -  <   {
 <     "id": 50,
 <     "jsonrpc": "2.0",
 <     "result": []
 <   }
[2022/12/26 13:36:58.067] -  <   {
 <     "id": 51,
 <     "jsonrpc": "2.0",
 <     "result": "0x2"
 <   }
[2022/12/26 13:36:58.068] - eth_subscribe
[2022/12/26 13:36:58.068] -    > {
   >   "jsonrpc": "2.0",
   >   "id": 52,
   >   "method": "eth_subscribe",
   >   "params": [
   >     "newHeads"
   >   ]
   > }
[2022/12/26 13:36:58.069] - eth_getLogs
[2022/12/26 13:36:58.069] -    > {
   >   "jsonrpc": "2.0",
   >   "id": 53,
   >   "method": "eth_getLogs",
   >   "params": [
   >     {
   >       "topics": []
   >     }
   >   ]
   > }
[2022/12/26 13:36:58.070] - eth_subscribe
[2022/12/26 13:36:58.070] -    > {
   >   "jsonrpc": "2.0",
   >   "id": 54,
   >   "method": "eth_subscribe",
   >   "params": [
   >     "logs",
   >     {
   >       "topics": []
   >     }
   >   ]
   > }
[2022/12/26 13:36:58.071] -  <   {
 <     "id": 52,
 <     "jsonrpc": "2.0",
 <     "result": "0x3"
 <   }
[2022/12/26 13:36:58.083] -  <   {
 <     "id": 53,
 <     "jsonrpc": "2.0",
 <     "result": []
 <   }
[2022/12/26 13:36:58.086] -  <   {
 <     "id": 54,
 <     "jsonrpc": "2.0",
 <     "result": "0x4"
 <   }
[2022/12/26 13:36:58.125] - eth_blockNumber
[2022/12/26 13:36:58.125] -    > {
   >   "jsonrpc": "2.0",
   >   "id": 564,
   >   "method": "eth_blockNumber",
   >   "params": [],
   >   "internal": true
   > }
[2022/12/26 13:36:58.126] - eth_accounts
[2022/12/26 13:36:58.126] -    > {
   >   "jsonrpc": "2.0",
   >   "id": 565,
   >   "method": "eth_accounts",
   >   "params": [],
   >   "internal": true
   > }
[2022/12/26 13:36:58.126] - eth_gasPrice
[2022/12/26 13:36:58.126] -    > {
   >   "jsonrpc": "2.0",
   >   "id": 566,
   >   "method": "eth_gasPrice",
   >   "params": [],
   >   "internal": true
   > }
[2022/12/26 13:36:58.127] -  <   {
 <     "id": 564,
 <     "jsonrpc": "2.0",
 <     "result": "0x0"
 <   }
[2022/12/26 13:36:58.127] - eth_getBlockByNumber
[2022/12/26 13:36:58.128] -    > {
   >   "jsonrpc": "2.0",
   >   "id": 567,
   >   "method": "eth_getBlockByNumber",
   >   "params": [
   >     "latest",
   >     false
   >   ],
   >   "internal": true
   > }
[2022/12/26 13:36:58.128] - eth_blockNumber
[2022/12/26 13:36:58.129] -    > {
   >   "jsonrpc": "2.0",
   >   "id": 559,
   >   "method": "eth_blockNumber",
   >   "params": [],
   >   "internal": true
   > }
[2022/12/26 13:36:58.129] - eth_subscribe
[2022/12/26 13:36:58.130] -    > {
   >   "jsonrpc": "2.0",
   >   "id": 568,
   >   "method": "eth_subscribe",
   >   "params": [
   >     "newHeads"
   >   ],
   >   "internal": true
   > }
[2022/12/26 13:36:58.131] - eth_accounts
[2022/12/26 13:36:58.131] -    > {
   >   "jsonrpc": "2.0",
   >   "id": 560,
   >   "method": "eth_accounts",
   >   "params": [],
   >   "internal": true
   > }
[2022/12/26 13:36:58.139] -  <   {
 <     "id": 565,
 <     "jsonrpc": "2.0",
 <     "result": [
 <       "0x46011c6bec82f4ba094c716d1236051592c330f5",
 <       "0xafa835af400bc31970b82832c24e688aeb25954d",
 <       "0xaa3a39ebb75029d9d9485ac674a364be5d042f69",
 <       "0x4ea5749e166842f05982b84900dc2c2cfea888fb",
 <       "0x681e0b884fe4d2a4cb85b31322194c3c0402a0cc",
 <       "0x188859794efe9616ace0be9bc48096f09a1def5f",
 <       "0x1ab46571741f9a426dc24aa83ddcfabf9bcf0e95",
 <       "0x61373565895132912c734f12c3042ed8d34b7a49",
 <       "0x76c1ebbb694d687431d8c4b702c1e6719d240799",
 <       "0x50c94447f2359a4094277bcc391b114b29a703a9"
 <     ]
 <   }
[2022/12/26 13:36:58.140] - eth_gasPrice
[2022/12/26 13:36:58.140] -    > {
   >   "jsonrpc": "2.0",
   >   "id": 561,
   >   "method": "eth_gasPrice",
   >   "params": [],
   >   "internal": true
   > }
[2022/12/26 13:36:58.140] - eth_getBlockByNumber
[2022/12/26 13:36:58.140] -    > {
   >   "jsonrpc": "2.0",
   >   "id": 562,
   >   "method": "eth_getBlockByNumber",
   >   "params": [
   >     "latest",
   >     false
   >   ],
   >   "internal": true
   > }
[2022/12/26 13:36:58.141] -  <   {
 <     "id": 566,
 <     "jsonrpc": "2.0",
 <     "result": "0x4a817c800"
 <   }
[2022/12/26 13:36:58.141] - eth_subscribe
[2022/12/26 13:36:58.141] -    > {
   >   "jsonrpc": "2.0",
   >   "id": 563,
   >   "method": "eth_subscribe",
   >   "params": [
   >     "newHeads"
   >   ],
   >   "internal": true
   > }
[2022/12/26 13:36:58.147] -  <   {
 <     "id": 567,
 <     "jsonrpc": "2.0",
 <     "result": {
 <       "number": "0x0",
 <       "hash": "0x7ed18f391935a0ccbc43cb7f9da8832439fa875bc7fa4c4c6247419e47093509",
 <       "parentHash": "0x0000000000000000000000000000000000000000000000000000000000000000",
 <       "mixHash": "0x0000000000000000000000000000000000000000000000000000000000000000",
 <       "nonce": "0x0000000000000000",
 <       "sha3Uncles": "0x1dcc4de8dec75d7aab85b567b6ccd41ad312451b948a7413f0a142fd40d49347",
 <       "logsBloom": "0x00000000000000000000000000000000000000000000000000000000000000000000000000000000000000000000000000000000000000000000000000000000000000000000000000000000000000000000000000000000000000000000000000000000000000000000000000000000000000000000000000000000000000000000000000000000000000000000000000000000000000000000000000000000000000000000000000000000000000000000000000000000000000000000000000000000000000000000000000000000000000000000000000000000000000000000000000000000000000000000000000000000000000000000000000000000",
 <       "transactionsRoot": "0x56e81f171bcc55a6ff8345e692c0f86e5b48e01b996cadc001622fb5e363b421",
 <       "stateRoot": "0xd1b9132e70d29bb17eb96f307fd5f3a9b2a75670ecea9e6fd9ed58cac74487fc",
 <       "receiptsRoot": "0x56e81f171bcc55a6ff8345e692c0f86e5b48e01b996cadc001622fb5e363b421",
 <       "miner": "0x0000000000000000000000000000000000000000",
 <       "difficulty": "0x0",
 <       "totalDifficulty": "0x0",
 <       "extraData": "0x",
 <       "size": "0x3e8",
 <       "gasLimit": "0x6691b7",
 <       "gasUsed": "0x0",
 <       "timestamp": "0x63a94f19",
 <       "transactions": [],
 <       "uncles": []
 <     }
 <   }
[2022/12/26 13:36:58.163] -  <   {
 <     "id": 559,
 <     "jsonrpc": "2.0",
 <     "result": "0x0"
 <   }
[2022/12/26 13:36:58.172] -  <   {
 <     "id": 568,
 <     "jsonrpc": "2.0",
 <     "result": "0x5"
 <   }
[2022/12/26 13:36:58.173] - eth_accounts
[2022/12/26 13:36:58.173] -    > {
   >   "jsonrpc": "2.0",
   >   "id": 569,
   >   "method": "eth_accounts",
   >   "params": [],
   >   "internal": true
   > }
[2022/12/26 13:36:58.179] -  <   {
 <     "id": 560,
 <     "jsonrpc": "2.0",
 <     "result": [
 <       "0x46011c6bec82f4ba094c716d1236051592c330f5",
 <       "0xafa835af400bc31970b82832c24e688aeb25954d",
 <       "0xaa3a39ebb75029d9d9485ac674a364be5d042f69",
 <       "0x4ea5749e166842f05982b84900dc2c2cfea888fb",
 <       "0x681e0b884fe4d2a4cb85b31322194c3c0402a0cc",
 <       "0x188859794efe9616ace0be9bc48096f09a1def5f",
 <       "0x1ab46571741f9a426dc24aa83ddcfabf9bcf0e95",
 <       "0x61373565895132912c734f12c3042ed8d34b7a49",
 <       "0x76c1ebbb694d687431d8c4b702c1e6719d240799",
 <       "0x50c94447f2359a4094277bcc391b114b29a703a9"
 <     ]
 <   }
[2022/12/26 13:36:58.197] -  <   {
 <     "id": 561,
 <     "jsonrpc": "2.0",
 <     "result": "0x4a817c800"
 <   }
[2022/12/26 13:36:58.198] - eth_getBalance
[2022/12/26 13:36:58.198] -    > {
   >   "jsonrpc": "2.0",
   >   "id": 570,
   >   "method": "eth_getBalance",
   >   "params": [
   >     "0x46011c6bec82f4ba094c716d1236051592c330f5",
   >     "latest"
   >   ],
   >   "internal": true
   > }
[2022/12/26 13:36:58.201] -  <   {
 <     "id": 562,
 <     "jsonrpc": "2.0",
 <     "result": {
 <       "number": "0x0",
 <       "hash": "0x7ed18f391935a0ccbc43cb7f9da8832439fa875bc7fa4c4c6247419e47093509",
 <       "parentHash": "0x0000000000000000000000000000000000000000000000000000000000000000",
 <       "mixHash": "0x0000000000000000000000000000000000000000000000000000000000000000",
 <       "nonce": "0x0000000000000000",
 <       "sha3Uncles": "0x1dcc4de8dec75d7aab85b567b6ccd41ad312451b948a7413f0a142fd40d49347",
 <       "logsBloom": "0x00000000000000000000000000000000000000000000000000000000000000000000000000000000000000000000000000000000000000000000000000000000000000000000000000000000000000000000000000000000000000000000000000000000000000000000000000000000000000000000000000000000000000000000000000000000000000000000000000000000000000000000000000000000000000000000000000000000000000000000000000000000000000000000000000000000000000000000000000000000000000000000000000000000000000000000000000000000000000000000000000000000000000000000000000000000",
 <       "transactionsRoot": "0x56e81f171bcc55a6ff8345e692c0f86e5b48e01b996cadc001622fb5e363b421",
 <       "stateRoot": "0xd1b9132e70d29bb17eb96f307fd5f3a9b2a75670ecea9e6fd9ed58cac74487fc",
 <       "receiptsRoot": "0x56e81f171bcc55a6ff8345e692c0f86e5b48e01b996cadc001622fb5e363b421",
 <       "miner": "0x0000000000000000000000000000000000000000",
 <       "difficulty": "0x0",
 <       "totalDifficulty": "0x0",
 <       "extraData": "0x",
 <       "size": "0x3e8",
 <       "gasLimit": "0x6691b7",
 <       "gasUsed": "0x0",
 <       "timestamp": "0x63a94f19",
 <       "transactions": [],
 <       "uncles": []
 <     }
 <   }
[2022/12/26 13:36:58.202] - eth_getTransactionCount
[2022/12/26 13:36:58.202] -    > {
   >   "jsonrpc": "2.0",
   >   "id": 571,
   >   "method": "eth_getTransactionCount",
   >   "params": [
   >     "0x46011c6bec82f4ba094c716d1236051592c330f5",
   >     "latest"
   >   ],
   >   "internal": true
   > }
[2022/12/26 13:36:58.205] -  <   {
 <     "id": 563,
 <     "jsonrpc": "2.0",
 <     "result": "0x6"
 <   }
[2022/12/26 13:36:58.205] - eth_getBalance
[2022/12/26 13:36:58.206] -    > {
   >   "jsonrpc": "2.0",
   >   "id": 572,
   >   "method": "eth_getBalance",
   >   "params": [
   >     "0xafa835af400bc31970b82832c24e688aeb25954d",
   >     "latest"
   >   ],
   >   "internal": true
   > }
[2022/12/26 13:36:58.208] -  <   {
 <     "id": 569,
 <     "jsonrpc": "2.0",
 <     "result": [
 <       "0x46011c6bec82f4ba094c716d1236051592c330f5",
 <       "0xafa835af400bc31970b82832c24e688aeb25954d",
 <       "0xaa3a39ebb75029d9d9485ac674a364be5d042f69",
 <       "0x4ea5749e166842f05982b84900dc2c2cfea888fb",
 <       "0x681e0b884fe4d2a4cb85b31322194c3c0402a0cc",
 <       "0x188859794efe9616ace0be9bc48096f09a1def5f",
 <       "0x1ab46571741f9a426dc24aa83ddcfabf9bcf0e95",
 <       "0x61373565895132912c734f12c3042ed8d34b7a49",
 <       "0x76c1ebbb694d687431d8c4b702c1e6719d240799",
 <       "0x50c94447f2359a4094277bcc391b114b29a703a9"
 <     ]
 <   }
[2022/12/26 13:36:58.208] - eth_getTransactionCount
[2022/12/26 13:36:58.208] -    > {
   >   "jsonrpc": "2.0",
   >   "id": 573,
   >   "method": "eth_getTransactionCount",
   >   "params": [
   >     "0xafa835af400bc31970b82832c24e688aeb25954d",
   >     "latest"
   >   ],
   >   "internal": true
   > }
[2022/12/26 13:36:58.211] -  <   {
 <     "id": 570,
 <     "jsonrpc": "2.0",
 <     "result": "0x56bc75e2d63100000"
 <   }
[2022/12/26 13:36:58.212] - eth_getBalance
[2022/12/26 13:36:58.212] -    > {
   >   "jsonrpc": "2.0",
   >   "id": 574,
   >   "method": "eth_getBalance",
   >   "params": [
   >     "0xaa3a39ebb75029d9d9485ac674a364be5d042f69",
   >     "latest"
   >   ],
   >   "internal": true
   > }
[2022/12/26 13:36:58.214] -  <   {
 <     "id": 571,
 <     "jsonrpc": "2.0",
 <     "result": "0x0"
 <   }
[2022/12/26 13:36:58.226] -  <   {
 <     "id": 572,
 <     "jsonrpc": "2.0",
 <     "result": "0x56bc75e2d63100000"
 <   }
[2022/12/26 13:36:58.227] - eth_getTransactionCount
[2022/12/26 13:36:58.227] -    > {
   >   "jsonrpc": "2.0",
   >   "id": 575,
   >   "method": "eth_getTransactionCount",
   >   "params": [
   >     "0xaa3a39ebb75029d9d9485ac674a364be5d042f69",
   >     "latest"
   >   ],
   >   "internal": true
   > }
[2022/12/26 13:36:58.230] -  <   {
 <     "id": 573,
 <     "jsonrpc": "2.0",
 <     "result": "0x0"
 <   }
[2022/12/26 13:36:58.230] - eth_getBalance
[2022/12/26 13:36:58.230] -    > {
   >   "jsonrpc": "2.0",
   >   "id": 576,
   >   "method": "eth_getBalance",
   >   "params": [
   >     "0x4ea5749e166842f05982b84900dc2c2cfea888fb",
   >     "latest"
   >   ],
   >   "internal": true
   > }
[2022/12/26 13:36:58.234] -  <   {
 <     "id": 574,
 <     "jsonrpc": "2.0",
 <     "result": "0x56bc75e2d63100000"
 <   }
[2022/12/26 13:36:58.234] - eth_getTransactionCount
[2022/12/26 13:36:58.234] -    > {
   >   "jsonrpc": "2.0",
   >   "id": 577,
   >   "method": "eth_getTransactionCount",
   >   "params": [
   >     "0x4ea5749e166842f05982b84900dc2c2cfea888fb",
   >     "latest"
   >   ],
   >   "internal": true
   > }
[2022/12/26 13:36:58.236] -  <   {
 <     "id": 575,
 <     "jsonrpc": "2.0",
 <     "result": "0x0"
 <   }
[2022/12/26 13:36:58.253] - eth_getBalance
[2022/12/26 13:36:58.253] -    > {
   >   "jsonrpc": "2.0",
   >   "id": 578,
   >   "method": "eth_getBalance",
   >   "params": [
   >     "0x681e0b884fe4d2a4cb85b31322194c3c0402a0cc",
   >     "latest"
   >   ],
   >   "internal": true
   > }
[2022/12/26 13:36:58.255] -  <   {
 <     "id": 576,
 <     "jsonrpc": "2.0",
 <     "result": "0x56bc75e2d63100000"
 <   }
[2022/12/26 13:36:58.256] - eth_getTransactionCount
[2022/12/26 13:36:58.256] -    > {
   >   "jsonrpc": "2.0",
   >   "id": 579,
   >   "method": "eth_getTransactionCount",
   >   "params": [
   >     "0x681e0b884fe4d2a4cb85b31322194c3c0402a0cc",
   >     "latest"
   >   ],
   >   "internal": true
   > }
[2022/12/26 13:36:58.256] - eth_getBalance
[2022/12/26 13:36:58.256] -    > {
   >   "jsonrpc": "2.0",
   >   "id": 580,
   >   "method": "eth_getBalance",
   >   "params": [
   >     "0x188859794efe9616ace0be9bc48096f09a1def5f",
   >     "latest"
   >   ],
   >   "internal": true
   > }
[2022/12/26 13:36:58.258] -  <   {
 <     "id": 577,
 <     "jsonrpc": "2.0",
 <     "result": "0x0"
 <   }
[2022/12/26 13:36:58.258] - eth_getTransactionCount
[2022/12/26 13:36:58.258] -    > {
   >   "jsonrpc": "2.0",
   >   "id": 581,
   >   "method": "eth_getTransactionCount",
   >   "params": [
   >     "0x188859794efe9616ace0be9bc48096f09a1def5f",
   >     "latest"
   >   ],
   >   "internal": true
   > }
[2022/12/26 13:36:58.259] - eth_getBalance
[2022/12/26 13:36:58.259] -    > {
   >   "jsonrpc": "2.0",
   >   "id": 582,
   >   "method": "eth_getBalance",
   >   "params": [
   >     "0x1ab46571741f9a426dc24aa83ddcfabf9bcf0e95",
   >     "latest"
   >   ],
   >   "internal": true
   > }
[2022/12/26 13:36:58.260] - eth_getTransactionCount
[2022/12/26 13:36:58.260] -    > {
   >   "jsonrpc": "2.0",
   >   "id": 583,
   >   "method": "eth_getTransactionCount",
   >   "params": [
   >     "0x1ab46571741f9a426dc24aa83ddcfabf9bcf0e95",
   >     "latest"
   >   ],
   >   "internal": true
   > }
[2022/12/26 13:36:58.263] -  <   {
 <     "id": 578,
 <     "jsonrpc": "2.0",
 <     "result": "0x56bc75e2d63100000"
 <   }
[2022/12/26 13:36:58.264] - eth_getBalance
[2022/12/26 13:36:58.264] -    > {
   >   "jsonrpc": "2.0",
   >   "id": 584,
   >   "method": "eth_getBalance",
   >   "params": [
   >     "0x61373565895132912c734f12c3042ed8d34b7a49",
   >     "latest"
   >   ],
   >   "internal": true
   > }
[2022/12/26 13:36:58.264] - eth_getTransactionCount
[2022/12/26 13:36:58.264] -    > {
   >   "jsonrpc": "2.0",
   >   "id": 585,
   >   "method": "eth_getTransactionCount",
   >   "params": [
   >     "0x61373565895132912c734f12c3042ed8d34b7a49",
   >     "latest"
   >   ],
   >   "internal": true
   > }
[2022/12/26 13:36:58.271] -  <   {
 <     "id": 579,
 <     "jsonrpc": "2.0",
 <     "result": "0x0"
 <   }
[2022/12/26 13:36:58.271] - eth_getBalance
[2022/12/26 13:36:58.271] -    > {
   >   "jsonrpc": "2.0",
   >   "id": 586,
   >   "method": "eth_getBalance",
   >   "params": [
   >     "0x76c1ebbb694d687431d8c4b702c1e6719d240799",
   >     "latest"
   >   ],
   >   "internal": true
   > }
[2022/12/26 13:36:58.272] - eth_getTransactionCount
[2022/12/26 13:36:58.272] -    > {
   >   "jsonrpc": "2.0",
   >   "id": 587,
   >   "method": "eth_getTransactionCount",
   >   "params": [
   >     "0x76c1ebbb694d687431d8c4b702c1e6719d240799",
   >     "latest"
   >   ],
   >   "internal": true
   > }
[2022/12/26 13:36:58.272] - eth_getBalance
[2022/12/26 13:36:58.272] -    > {
   >   "jsonrpc": "2.0",
   >   "id": 588,
   >   "method": "eth_getBalance",
   >   "params": [
   >     "0x50c94447f2359a4094277bcc391b114b29a703a9",
   >     "latest"
   >   ],
   >   "internal": true
   > }
[2022/12/26 13:36:58.273] - eth_getTransactionCount
[2022/12/26 13:36:58.273] -    > {
   >   "jsonrpc": "2.0",
   >   "id": 589,
   >   "method": "eth_getTransactionCount",
   >   "params": [
   >     "0x50c94447f2359a4094277bcc391b114b29a703a9",
   >     "latest"
   >   ],
   >   "internal": true
   > }
[2022/12/26 13:36:58.274] -  <   {
 <     "id": 580,
 <     "jsonrpc": "2.0",
 <     "result": "0x56bc75e2d63100000"
 <   }
[2022/12/26 13:36:58.279] -  <   {
 <     "id": 581,
 <     "jsonrpc": "2.0",
 <     "result": "0x0"
 <   }
[2022/12/26 13:36:58.280] - eth_getBalance
[2022/12/26 13:36:58.280] -    > {
   >   "jsonrpc": "2.0",
   >   "id": 591,
   >   "method": "eth_getBalance",
   >   "params": [
   >     "0x46011c6bec82f4ba094c716d1236051592c330f5",
   >     "latest"
   >   ],
   >   "internal": true
   > }
[2022/12/26 13:36:58.282] -  <   {
 <     "id": 582,
 <     "jsonrpc": "2.0",
 <     "result": "0x56bc75e2d63100000"
 <   }
[2022/12/26 13:36:58.283] - eth_getTransactionCount
[2022/12/26 13:36:58.283] -    > {
   >   "jsonrpc": "2.0",
   >   "id": 592,
   >   "method": "eth_getTransactionCount",
   >   "params": [
   >     "0x46011c6bec82f4ba094c716d1236051592c330f5",
   >     "latest"
   >   ],
   >   "internal": true
   > }
[2022/12/26 13:36:58.285] -  <   {
 <     "id": 583,
 <     "jsonrpc": "2.0",
 <     "result": "0x0"
 <   }
[2022/12/26 13:36:58.288] - eth_getBalance
[2022/12/26 13:36:58.289] -    > {
   >   "jsonrpc": "2.0",
   >   "id": 593,
   >   "method": "eth_getBalance",
   >   "params": [
   >     "0xafa835af400bc31970b82832c24e688aeb25954d",
   >     "latest"
   >   ],
   >   "internal": true
   > }
[2022/12/26 13:36:58.289] - eth_getTransactionCount
[2022/12/26 13:36:58.289] -    > {
   >   "jsonrpc": "2.0",
   >   "id": 594,
   >   "method": "eth_getTransactionCount",
   >   "params": [
   >     "0xafa835af400bc31970b82832c24e688aeb25954d",
   >     "latest"
   >   ],
   >   "internal": true
   > }
[2022/12/26 13:36:58.290] - eth_getBalance
[2022/12/26 13:36:58.290] -    > {
   >   "jsonrpc": "2.0",
   >   "id": 595,
   >   "method": "eth_getBalance",
   >   "params": [
   >     "0xaa3a39ebb75029d9d9485ac674a364be5d042f69",
   >     "latest"
   >   ],
   >   "internal": true
   > }
[2022/12/26 13:36:58.291] -  <   {
 <     "id": 584,
 <     "jsonrpc": "2.0",
 <     "result": "0x56bc75e2d63100000"
 <   }
[2022/12/26 13:36:58.295] -  <   {
 <     "id": 585,
 <     "jsonrpc": "2.0",
 <     "result": "0x0"
 <   }
[2022/12/26 13:36:58.295] - eth_getTransactionCount
[2022/12/26 13:36:58.296] -    > {
   >   "jsonrpc": "2.0",
   >   "id": 596,
   >   "method": "eth_getTransactionCount",
   >   "params": [
   >     "0xaa3a39ebb75029d9d9485ac674a364be5d042f69",
   >     "latest"
   >   ],
   >   "internal": true
   > }
[2022/12/26 13:36:58.300] -  <   {
 <     "id": 586,
 <     "jsonrpc": "2.0",
 <     "result": "0x56bc75e2d63100000"
 <   }
[2022/12/26 13:36:58.300] - eth_getBalance
[2022/12/26 13:36:58.300] -    > {
   >   "jsonrpc": "2.0",
   >   "id": 597,
   >   "method": "eth_getBalance",
   >   "params": [
   >     "0x4ea5749e166842f05982b84900dc2c2cfea888fb",
   >     "latest"
   >   ],
   >   "internal": true
   > }
[2022/12/26 13:36:58.304] -  <   {
 <     "id": 587,
 <     "jsonrpc": "2.0",
 <     "result": "0x0"
 <   }
[2022/12/26 13:36:58.304] - eth_getTransactionCount
[2022/12/26 13:36:58.304] -    > {
   >   "jsonrpc": "2.0",
   >   "id": 598,
   >   "method": "eth_getTransactionCount",
   >   "params": [
   >     "0x4ea5749e166842f05982b84900dc2c2cfea888fb",
   >     "latest"
   >   ],
   >   "internal": true
   > }
[2022/12/26 13:36:58.306] - eth_getBalance
[2022/12/26 13:36:58.306] -    > {
   >   "jsonrpc": "2.0",
   >   "id": 599,
   >   "method": "eth_getBalance",
   >   "params": [
   >     "0x681e0b884fe4d2a4cb85b31322194c3c0402a0cc",
   >     "latest"
   >   ],
   >   "internal": true
   > }
[2022/12/26 13:36:58.307] -  <   {
 <     "id": 588,
 <     "jsonrpc": "2.0",
 <     "result": "0x56bc75e2d63100000"
 <   }
[2022/12/26 13:36:58.309] -  <   {
 <     "id": 589,
 <     "jsonrpc": "2.0",
 <     "result": "0x0"
 <   }
[2022/12/26 13:36:58.310] - eth_getTransactionCount
[2022/12/26 13:36:58.310] -    > {
   >   "jsonrpc": "2.0",
   >   "id": 600,
   >   "method": "eth_getTransactionCount",
   >   "params": [
   >     "0x681e0b884fe4d2a4cb85b31322194c3c0402a0cc",
   >     "latest"
   >   ],
   >   "internal": true
   > }
[2022/12/26 13:36:58.313] -  <   {
 <     "id": 591,
 <     "jsonrpc": "2.0",
 <     "result": "0x56bc75e2d63100000"
 <   }
[2022/12/26 13:36:58.314] - eth_getBalance
[2022/12/26 13:36:58.314] -    > {
   >   "jsonrpc": "2.0",
   >   "id": 601,
   >   "method": "eth_getBalance",
   >   "params": [
   >     "0x188859794efe9616ace0be9bc48096f09a1def5f",
   >     "latest"
   >   ],
   >   "internal": true
   > }
[2022/12/26 13:36:58.321] -  <   {
 <     "id": 592,
 <     "jsonrpc": "2.0",
 <     "result": "0x0"
 <   }
[2022/12/26 13:36:58.322] - eth_getTransactionCount
[2022/12/26 13:36:58.322] -    > {
   >   "jsonrpc": "2.0",
   >   "id": 602,
   >   "method": "eth_getTransactionCount",
   >   "params": [
   >     "0x188859794efe9616ace0be9bc48096f09a1def5f",
   >     "latest"
   >   ],
   >   "internal": true
   > }
[2022/12/26 13:36:58.325] -  <   {
 <     "id": 593,
 <     "jsonrpc": "2.0",
 <     "result": "0x56bc75e2d63100000"
 <   }
[2022/12/26 13:36:58.326] - eth_getBalance
[2022/12/26 13:36:58.327] -    > {
   >   "jsonrpc": "2.0",
   >   "id": 603,
   >   "method": "eth_getBalance",
   >   "params": [
   >     "0x1ab46571741f9a426dc24aa83ddcfabf9bcf0e95",
   >     "latest"
   >   ],
   >   "internal": true
   > }
[2022/12/26 13:36:58.331] -  <   {
 <     "id": 594,
 <     "jsonrpc": "2.0",
 <     "result": "0x0"
 <   }
[2022/12/26 13:36:58.331] - eth_getTransactionCount
[2022/12/26 13:36:58.332] -    > {
   >   "jsonrpc": "2.0",
   >   "id": 604,
   >   "method": "eth_getTransactionCount",
   >   "params": [
   >     "0x1ab46571741f9a426dc24aa83ddcfabf9bcf0e95",
   >     "latest"
   >   ],
   >   "internal": true
   > }
[2022/12/26 13:36:58.335] -  <   {
 <     "id": 595,
 <     "jsonrpc": "2.0",
 <     "result": "0x56bc75e2d63100000"
 <   }
[2022/12/26 13:36:58.336] - eth_getBalance
[2022/12/26 13:36:58.336] -    > {
   >   "jsonrpc": "2.0",
   >   "id": 605,
   >   "method": "eth_getBalance",
   >   "params": [
   >     "0x61373565895132912c734f12c3042ed8d34b7a49",
   >     "latest"
   >   ],
   >   "internal": true
   > }
[2022/12/26 13:36:58.338] -  <   {
 <     "id": 596,
 <     "jsonrpc": "2.0",
 <     "result": "0x0"
 <   }
[2022/12/26 13:36:58.339] - eth_getTransactionCount
[2022/12/26 13:36:58.339] -    > {
   >   "jsonrpc": "2.0",
   >   "id": 606,
   >   "method": "eth_getTransactionCount",
   >   "params": [
   >     "0x61373565895132912c734f12c3042ed8d34b7a49",
   >     "latest"
   >   ],
   >   "internal": true
   > }
[2022/12/26 13:36:58.341] -  <   {
 <     "id": 597,
 <     "jsonrpc": "2.0",
 <     "result": "0x56bc75e2d63100000"
 <   }
[2022/12/26 13:36:58.341] - eth_getBalance
[2022/12/26 13:36:58.341] -    > {
   >   "jsonrpc": "2.0",
   >   "id": 607,
   >   "method": "eth_getBalance",
   >   "params": [
   >     "0x76c1ebbb694d687431d8c4b702c1e6719d240799",
   >     "latest"
   >   ],
   >   "internal": true
   > }
[2022/12/26 13:36:58.344] - eth_getTransactionCount
[2022/12/26 13:36:58.344] -    > {
   >   "jsonrpc": "2.0",
   >   "id": 608,
   >   "method": "eth_getTransactionCount",
   >   "params": [
   >     "0x76c1ebbb694d687431d8c4b702c1e6719d240799",
   >     "latest"
   >   ],
   >   "internal": true
   > }
[2022/12/26 13:36:58.347] -  <   {
 <     "id": 598,
 <     "jsonrpc": "2.0",
 <     "result": "0x0"
 <   }
[2022/12/26 13:36:58.349] -  <   {
 <     "id": 599,
 <     "jsonrpc": "2.0",
 <     "result": "0x56bc75e2d63100000"
 <   }
[2022/12/26 13:36:58.350] - eth_getBalance
[2022/12/26 13:36:58.350] -    > {
   >   "jsonrpc": "2.0",
   >   "id": 609,
   >   "method": "eth_getBalance",
   >   "params": [
   >     "0x50c94447f2359a4094277bcc391b114b29a703a9",
   >     "latest"
   >   ],
   >   "internal": true
   > }
[2022/12/26 13:36:58.354] -  <   {
 <     "id": 600,
 <     "jsonrpc": "2.0",
 <     "result": "0x0"
 <   }
[2022/12/26 13:36:58.355] - eth_getTransactionCount
[2022/12/26 13:36:58.355] -    > {
   >   "jsonrpc": "2.0",
   >   "id": 610,
   >   "method": "eth_getTransactionCount",
   >   "params": [
   >     "0x50c94447f2359a4094277bcc391b114b29a703a9",
   >     "latest"
   >   ],
   >   "internal": true
   > }
[2022/12/26 13:36:58.356] -  <   {
 <     "id": 601,
 <     "jsonrpc": "2.0",
 <     "result": "0x56bc75e2d63100000"
 <   }
[2022/12/26 13:36:58.371] -  <   {
 <     "id": 602,
 <     "jsonrpc": "2.0",
 <     "result": "0x0"
 <   }
[2022/12/26 13:36:58.386] -  <   {
 <     "id": 603,
 <     "jsonrpc": "2.0",
 <     "result": "0x56bc75e2d63100000"
 <   }
[2022/12/26 13:36:58.402] -  <   {
 <     "id": 604,
 <     "jsonrpc": "2.0",
 <     "result": "0x0"
 <   }
[2022/12/26 13:36:58.417] -  <   {
 <     "id": 605,
 <     "jsonrpc": "2.0",
 <     "result": "0x56bc75e2d63100000"
 <   }
[2022/12/26 13:36:58.433] -  <   {
 <     "id": 606,
 <     "jsonrpc": "2.0",
 <     "result": "0x0"
 <   }
[2022/12/26 13:36:58.447] -  <   {
 <     "id": 607,
 <     "jsonrpc": "2.0",
 <     "result": "0x56bc75e2d63100000"
 <   }
[2022/12/26 13:36:58.448] - eth_getTransactionCount
[2022/12/26 13:36:58.448] -    > {
   >   "jsonrpc": "2.0",
   >   "id": 612,
   >   "method": "eth_getTransactionCount",
   >   "params": [
   >     "0x46011c6bec82f4ba094c716d1236051592c330f5",
   >     "latest"
   >   ],
   >   "internal": true
   > }
[2022/12/26 13:36:58.451] -  <   {
 <     "id": 608,
 <     "jsonrpc": "2.0",
 <     "result": "0x0"
 <   }
[2022/12/26 13:36:58.451] - eth_getBalance
[2022/12/26 13:36:58.452] -    > {
   >   "jsonrpc": "2.0",
   >   "id": 613,
   >   "method": "eth_getBalance",
   >   "params": [
   >     "0xafa835af400bc31970b82832c24e688aeb25954d",
   >     "latest"
   >   ],
   >   "internal": true
   > }
[2022/12/26 13:36:58.456] -  <   {
 <     "id": 609,
 <     "jsonrpc": "2.0",
 <     "result": "0x56bc75e2d63100000"
 <   }
[2022/12/26 13:36:58.457] - eth_getTransactionCount
[2022/12/26 13:36:58.457] -    > {
   >   "jsonrpc": "2.0",
   >   "id": 614,
   >   "method": "eth_getTransactionCount",
   >   "params": [
   >     "0xafa835af400bc31970b82832c24e688aeb25954d",
   >     "latest"
   >   ],
   >   "internal": true
   > }
[2022/12/26 13:36:58.464] -  <   {
 <     "id": 610,
 <     "jsonrpc": "2.0",
 <     "result": "0x0"
 <   }
[2022/12/26 13:36:58.468] -  <   {
 <     "id": 612,
 <     "jsonrpc": "2.0",
 <     "result": "0x0"
 <   }
[2022/12/26 13:36:58.472] - eth_getBalance
[2022/12/26 13:36:58.472] -    > {
   >   "jsonrpc": "2.0",
   >   "id": 615,
   >   "method": "eth_getBalance",
   >   "params": [
   >     "0xaa3a39ebb75029d9d9485ac674a364be5d042f69",
   >     "latest"
   >   ],
   >   "internal": true
   > }
[2022/12/26 13:36:58.476] -  <   {
 <     "id": 613,
 <     "jsonrpc": "2.0",
 <     "result": "0x56bc75e2d63100000"
 <   }
[2022/12/26 13:36:58.478] - eth_getTransactionCount
[2022/12/26 13:36:58.478] -    > {
   >   "jsonrpc": "2.0",
   >   "id": 616,
   >   "method": "eth_getTransactionCount",
   >   "params": [
   >     "0xaa3a39ebb75029d9d9485ac674a364be5d042f69",
   >     "latest"
   >   ],
   >   "internal": true
   > }
[2022/12/26 13:36:58.485] -  <   {
 <     "id": 614,
 <     "jsonrpc": "2.0",
 <     "result": "0x0"
 <   }
[2022/12/26 13:36:58.485] - eth_getBalance
[2022/12/26 13:36:58.486] -    > {
   >   "jsonrpc": "2.0",
   >   "id": 617,
   >   "method": "eth_getBalance",
   >   "params": [
   >     "0x4ea5749e166842f05982b84900dc2c2cfea888fb",
   >     "latest"
   >   ],
   >   "internal": true
   > }
[2022/12/26 13:36:58.490] -  <   {
 <     "id": 615,
 <     "jsonrpc": "2.0",
 <     "result": "0x56bc75e2d63100000"
 <   }
[2022/12/26 13:36:58.491] - eth_getTransactionCount
[2022/12/26 13:36:58.491] -    > {
   >   "jsonrpc": "2.0",
   >   "id": 618,
   >   "method": "eth_getTransactionCount",
   >   "params": [
   >     "0x4ea5749e166842f05982b84900dc2c2cfea888fb",
   >     "latest"
   >   ],
   >   "internal": true
   > }
[2022/12/26 13:36:58.496] -  <   {
 <     "id": 616,
 <     "jsonrpc": "2.0",
 <     "result": "0x0"
 <   }
[2022/12/26 13:36:58.503] -  <   {
 <     "id": 617,
 <     "jsonrpc": "2.0",
 <     "result": "0x56bc75e2d63100000"
 <   }
[2022/12/26 13:36:58.503] - eth_getBalance
[2022/12/26 13:36:58.504] -    > {
   >   "jsonrpc": "2.0",
   >   "id": 619,
   >   "method": "eth_getBalance",
   >   "params": [
   >     "0x681e0b884fe4d2a4cb85b31322194c3c0402a0cc",
   >     "latest"
   >   ],
   >   "internal": true
   > }
[2022/12/26 13:36:58.506] -  <   {
 <     "id": 618,
 <     "jsonrpc": "2.0",
 <     "result": "0x0"
 <   }
[2022/12/26 13:36:58.506] - eth_getTransactionCount
[2022/12/26 13:36:58.506] -    > {
   >   "jsonrpc": "2.0",
   >   "id": 620,
   >   "method": "eth_getTransactionCount",
   >   "params": [
   >     "0x681e0b884fe4d2a4cb85b31322194c3c0402a0cc",
   >     "latest"
   >   ],
   >   "internal": true
   > }
[2022/12/26 13:36:58.508] -  <   {
 <     "id": 619,
 <     "jsonrpc": "2.0",
 <     "result": "0x56bc75e2d63100000"
 <   }
[2022/12/26 13:36:58.508] - eth_getBalance
[2022/12/26 13:36:58.508] -    > {
   >   "jsonrpc": "2.0",
   >   "id": 621,
   >   "method": "eth_getBalance",
   >   "params": [
   >     "0x188859794efe9616ace0be9bc48096f09a1def5f",
   >     "latest"
   >   ],
   >   "internal": true
   > }
[2022/12/26 13:36:58.509] - eth_getTransactionCount
[2022/12/26 13:36:58.510] -    > {
   >   "jsonrpc": "2.0",
   >   "id": 622,
   >   "method": "eth_getTransactionCount",
   >   "params": [
   >     "0x188859794efe9616ace0be9bc48096f09a1def5f",
   >     "latest"
   >   ],
   >   "internal": true
   > }
[2022/12/26 13:36:58.512] -  <   {
 <     "id": 620,
 <     "jsonrpc": "2.0",
 <     "result": "0x0"
 <   }
[2022/12/26 13:36:58.519] -  <   {
 <     "id": 621,
 <     "jsonrpc": "2.0",
 <     "result": "0x56bc75e2d63100000"
 <   }
[2022/12/26 13:36:58.520] - eth_getBalance
[2022/12/26 13:36:58.520] -    > {
   >   "jsonrpc": "2.0",
   >   "id": 623,
   >   "method": "eth_getBalance",
   >   "params": [
   >     "0x1ab46571741f9a426dc24aa83ddcfabf9bcf0e95",
   >     "latest"
   >   ],
   >   "internal": true
   > }
[2022/12/26 13:36:58.522] -  <   {
 <     "id": 622,
 <     "jsonrpc": "2.0",
 <     "result": "0x0"
 <   }
[2022/12/26 13:36:58.523] - eth_getTransactionCount
[2022/12/26 13:36:58.523] -    > {
   >   "jsonrpc": "2.0",
   >   "id": 624,
   >   "method": "eth_getTransactionCount",
   >   "params": [
   >     "0x1ab46571741f9a426dc24aa83ddcfabf9bcf0e95",
   >     "latest"
   >   ],
   >   "internal": true
   > }
[2022/12/26 13:36:58.524] - eth_getBalance
[2022/12/26 13:36:58.524] -    > {
   >   "jsonrpc": "2.0",
   >   "id": 625,
   >   "method": "eth_getBalance",
   >   "params": [
   >     "0x61373565895132912c734f12c3042ed8d34b7a49",
   >     "latest"
   >   ],
   >   "internal": true
   > }
[2022/12/26 13:36:58.525] -  <   {
 <     "id": 623,
 <     "jsonrpc": "2.0",
 <     "result": "0x56bc75e2d63100000"
 <   }
[2022/12/26 13:36:58.525] - eth_getTransactionCount
[2022/12/26 13:36:58.526] -    > {
   >   "jsonrpc": "2.0",
   >   "id": 626,
   >   "method": "eth_getTransactionCount",
   >   "params": [
   >     "0x61373565895132912c734f12c3042ed8d34b7a49",
   >     "latest"
   >   ],
   >   "internal": true
   > }
[2022/12/26 13:36:58.530] -  <   {
 <     "id": 624,
 <     "jsonrpc": "2.0",
 <     "result": "0x0"
 <   }
[2022/12/26 13:36:58.537] -  <   {
 <     "id": 625,
 <     "jsonrpc": "2.0",
 <     "result": "0x56bc75e2d63100000"
 <   }
[2022/12/26 13:36:58.537] - eth_getBalance
[2022/12/26 13:36:58.538] -    > {
   >   "jsonrpc": "2.0",
   >   "id": 627,
   >   "method": "eth_getBalance",
   >   "params": [
   >     "0x76c1ebbb694d687431d8c4b702c1e6719d240799",
   >     "latest"
   >   ],
   >   "internal": true
   > }
[2022/12/26 13:36:58.538] - eth_getTransactionCount
[2022/12/26 13:36:58.538] -    > {
   >   "jsonrpc": "2.0",
   >   "id": 628,
   >   "method": "eth_getTransactionCount",
   >   "params": [
   >     "0x76c1ebbb694d687431d8c4b702c1e6719d240799",
   >     "latest"
   >   ],
   >   "internal": true
   > }
[2022/12/26 13:36:58.538] - eth_getBalance
[2022/12/26 13:36:58.539] -    > {
   >   "jsonrpc": "2.0",
   >   "id": 629,
   >   "method": "eth_getBalance",
   >   "params": [
   >     "0x50c94447f2359a4094277bcc391b114b29a703a9",
   >     "latest"
   >   ],
   >   "internal": true
   > }
[2022/12/26 13:36:58.539] - eth_getTransactionCount
[2022/12/26 13:36:58.539] -    > {
   >   "jsonrpc": "2.0",
   >   "id": 630,
   >   "method": "eth_getTransactionCount",
   >   "params": [
   >     "0x50c94447f2359a4094277bcc391b114b29a703a9",
   >     "latest"
   >   ],
   >   "internal": true
   > }
[2022/12/26 13:36:58.540] -  <   {
 <     "id": 626,
 <     "jsonrpc": "2.0",
 <     "result": "0x0"
 <   }
[2022/12/26 13:36:58.541] - eth_getTransactionCount
[2022/12/26 13:36:58.541] -    > {
   >   "jsonrpc": "2.0",
   >   "id": 632,
   >   "method": "eth_getTransactionCount",
   >   "params": [
   >     "0x46011c6bec82f4ba094c716d1236051592c330f5",
   >     "latest"
   >   ],
   >   "internal": true
   > }
[2022/12/26 13:36:58.542] -  <   {
 <     "id": 627,
 <     "jsonrpc": "2.0",
 <     "result": "0x56bc75e2d63100000"
 <   }
[2022/12/26 13:36:58.545] -  <   {
 <     "id": 628,
 <     "jsonrpc": "2.0",
 <     "result": "0x0"
 <   }
[2022/12/26 13:36:58.545] - eth_getBalance
[2022/12/26 13:36:58.546] -    > {
   >   "jsonrpc": "2.0",
   >   "id": 633,
   >   "method": "eth_getBalance",
   >   "params": [
   >     "0xafa835af400bc31970b82832c24e688aeb25954d",
   >     "latest"
   >   ],
   >   "internal": true
   > }
[2022/12/26 13:36:58.548] -  <   {
 <     "id": 629,
 <     "jsonrpc": "2.0",
 <     "result": "0x56bc75e2d63100000"
 <   }
[2022/12/26 13:36:58.548] - eth_getTransactionCount
[2022/12/26 13:36:58.549] -    > {
   >   "jsonrpc": "2.0",
   >   "id": 634,
   >   "method": "eth_getTransactionCount",
   >   "params": [
   >     "0xafa835af400bc31970b82832c24e688aeb25954d",
   >     "latest"
   >   ],
   >   "internal": true
   > }
[2022/12/26 13:36:58.555] -  <   {
 <     "id": 630,
 <     "jsonrpc": "2.0",
 <     "result": "0x0"
 <   }
[2022/12/26 13:36:58.556] - eth_getBalance
[2022/12/26 13:36:58.556] -    > {
   >   "jsonrpc": "2.0",
   >   "id": 635,
   >   "method": "eth_getBalance",
   >   "params": [
   >     "0xaa3a39ebb75029d9d9485ac674a364be5d042f69",
   >     "latest"
   >   ],
   >   "internal": true
   > }
[2022/12/26 13:36:58.558] -  <   {
 <     "id": 632,
 <     "jsonrpc": "2.0",
 <     "result": "0x0"
 <   }
[2022/12/26 13:36:58.558] - eth_getTransactionCount
[2022/12/26 13:36:58.559] -    > {
   >   "jsonrpc": "2.0",
   >   "id": 636,
   >   "method": "eth_getTransactionCount",
   >   "params": [
   >     "0xaa3a39ebb75029d9d9485ac674a364be5d042f69",
   >     "latest"
   >   ],
   >   "internal": true
   > }
[2022/12/26 13:36:58.563] -  <   {
 <     "id": 633,
 <     "jsonrpc": "2.0",
 <     "result": "0x56bc75e2d63100000"
 <   }
[2022/12/26 13:36:58.564] - eth_getBalance
[2022/12/26 13:36:58.564] -    > {
   >   "jsonrpc": "2.0",
   >   "id": 637,
   >   "method": "eth_getBalance",
   >   "params": [
   >     "0x4ea5749e166842f05982b84900dc2c2cfea888fb",
   >     "latest"
   >   ],
   >   "internal": true
   > }
[2022/12/26 13:36:58.567] -  <   {
 <     "id": 634,
 <     "jsonrpc": "2.0",
 <     "result": "0x0"
 <   }
[2022/12/26 13:36:58.568] - eth_getTransactionCount
[2022/12/26 13:36:58.568] -    > {
   >   "jsonrpc": "2.0",
   >   "id": 638,
   >   "method": "eth_getTransactionCount",
   >   "params": [
   >     "0x4ea5749e166842f05982b84900dc2c2cfea888fb",
   >     "latest"
   >   ],
   >   "internal": true
   > }
[2022/12/26 13:36:58.570] -  <   {
 <     "id": 635,
 <     "jsonrpc": "2.0",
 <     "result": "0x56bc75e2d63100000"
 <   }
[2022/12/26 13:36:58.571] - eth_getBalance
[2022/12/26 13:36:58.571] -    > {
   >   "jsonrpc": "2.0",
   >   "id": 639,
   >   "method": "eth_getBalance",
   >   "params": [
   >     "0x681e0b884fe4d2a4cb85b31322194c3c0402a0cc",
   >     "latest"
   >   ],
   >   "internal": true
   > }
[2022/12/26 13:36:58.574] -  <   {
 <     "id": 636,
 <     "jsonrpc": "2.0",
 <     "result": "0x0"
 <   }
[2022/12/26 13:36:58.575] - eth_getTransactionCount
[2022/12/26 13:36:58.576] -    > {
   >   "jsonrpc": "2.0",
   >   "id": 640,
   >   "method": "eth_getTransactionCount",
   >   "params": [
   >     "0x681e0b884fe4d2a4cb85b31322194c3c0402a0cc",
   >     "latest"
   >   ],
   >   "internal": true
   > }
[2022/12/26 13:36:58.581] -  <   {
 <     "id": 637,
 <     "jsonrpc": "2.0",
 <     "result": "0x56bc75e2d63100000"
 <   }
[2022/12/26 13:36:58.582] - eth_getBalance
[2022/12/26 13:36:58.582] -    > {
   >   "jsonrpc": "2.0",
   >   "id": 641,
   >   "method": "eth_getBalance",
   >   "params": [
   >     "0x188859794efe9616ace0be9bc48096f09a1def5f",
   >     "latest"
   >   ],
   >   "internal": true
   > }
[2022/12/26 13:36:58.585] -  <   {
 <     "id": 638,
 <     "jsonrpc": "2.0",
 <     "result": "0x0"
 <   }
[2022/12/26 13:36:58.585] - eth_getTransactionCount
[2022/12/26 13:36:58.586] -    > {
   >   "jsonrpc": "2.0",
   >   "id": 642,
   >   "method": "eth_getTransactionCount",
   >   "params": [
   >     "0x188859794efe9616ace0be9bc48096f09a1def5f",
   >     "latest"
   >   ],
   >   "internal": true
   > }
[2022/12/26 13:36:58.590] -  <   {
 <     "id": 639,
 <     "jsonrpc": "2.0",
 <     "result": "0x56bc75e2d63100000"
 <   }
[2022/12/26 13:36:58.591] - eth_getBalance
[2022/12/26 13:36:58.591] -    > {
   >   "jsonrpc": "2.0",
   >   "id": 643,
   >   "method": "eth_getBalance",
   >   "params": [
   >     "0x1ab46571741f9a426dc24aa83ddcfabf9bcf0e95",
   >     "latest"
   >   ],
   >   "internal": true
   > }
[2022/12/26 13:36:58.597] -  <   {
 <     "id": 640,
 <     "jsonrpc": "2.0",
 <     "result": "0x0"
 <   }
[2022/12/26 13:36:58.598] - eth_getTransactionCount
[2022/12/26 13:36:58.598] -    > {
   >   "jsonrpc": "2.0",
   >   "id": 644,
   >   "method": "eth_getTransactionCount",
   >   "params": [
   >     "0x1ab46571741f9a426dc24aa83ddcfabf9bcf0e95",
   >     "latest"
   >   ],
   >   "internal": true
   > }
[2022/12/26 13:36:58.601] -  <   {
 <     "id": 641,
 <     "jsonrpc": "2.0",
 <     "result": "0x56bc75e2d63100000"
 <   }
[2022/12/26 13:36:58.601] - eth_getBalance
[2022/12/26 13:36:58.602] -    > {
   >   "jsonrpc": "2.0",
   >   "id": 645,
   >   "method": "eth_getBalance",
   >   "params": [
   >     "0x61373565895132912c734f12c3042ed8d34b7a49",
   >     "latest"
   >   ],
   >   "internal": true
   > }
[2022/12/26 13:36:58.603] -  <   {
 <     "id": 642,
 <     "jsonrpc": "2.0",
 <     "result": "0x0"
 <   }
[2022/12/26 13:36:58.604] - eth_getTransactionCount
[2022/12/26 13:36:58.604] -    > {
   >   "jsonrpc": "2.0",
   >   "id": 646,
   >   "method": "eth_getTransactionCount",
   >   "params": [
   >     "0x61373565895132912c734f12c3042ed8d34b7a49",
   >     "latest"
   >   ],
   >   "internal": true
   > }
[2022/12/26 13:36:58.607] -  <   {
 <     "id": 643,
 <     "jsonrpc": "2.0",
 <     "result": "0x56bc75e2d63100000"
 <   }
[2022/12/26 13:36:58.609] - eth_getBalance
[2022/12/26 13:36:58.610] -    > {
   >   "jsonrpc": "2.0",
   >   "id": 647,
   >   "method": "eth_getBalance",
   >   "params": [
   >     "0x76c1ebbb694d687431d8c4b702c1e6719d240799",
   >     "latest"
   >   ],
   >   "internal": true
   > }
[2022/12/26 13:36:58.610] - eth_getTransactionCount
[2022/12/26 13:36:58.610] -    > {
   >   "jsonrpc": "2.0",
   >   "id": 648,
   >   "method": "eth_getTransactionCount",
   >   "params": [
   >     "0x76c1ebbb694d687431d8c4b702c1e6719d240799",
   >     "latest"
   >   ],
   >   "internal": true
   > }
[2022/12/26 13:36:58.612] -  <   {
 <     "id": 644,
 <     "jsonrpc": "2.0",
 <     "result": "0x0"
 <   }
[2022/12/26 13:36:58.614] -  <   {
 <     "id": 645,
 <     "jsonrpc": "2.0",
 <     "result": "0x56bc75e2d63100000"
 <   }
[2022/12/26 13:36:58.615] - eth_getBalance
[2022/12/26 13:36:58.615] -    > {
   >   "jsonrpc": "2.0",
   >   "id": 649,
   >   "method": "eth_getBalance",
   >   "params": [
   >     "0x50c94447f2359a4094277bcc391b114b29a703a9",
   >     "latest"
   >   ],
   >   "internal": true
   > }
[2022/12/26 13:36:58.617] -  <   {
 <     "id": 646,
 <     "jsonrpc": "2.0",
 <     "result": "0x0"
 <   }
[2022/12/26 13:36:58.618] - eth_getTransactionCount
[2022/12/26 13:36:58.618] -    > {
   >   "jsonrpc": "2.0",
   >   "id": 650,
   >   "method": "eth_getTransactionCount",
   >   "params": [
   >     "0x50c94447f2359a4094277bcc391b114b29a703a9",
   >     "latest"
   >   ],
   >   "internal": true
   > }
[2022/12/26 13:36:58.623] -  <   {
 <     "id": 647,
 <     "jsonrpc": "2.0",
 <     "result": "0x56bc75e2d63100000"
 <   }
[2022/12/26 13:36:58.639] -  <   {
 <     "id": 648,
 <     "jsonrpc": "2.0",
 <     "result": "0x0"
 <   }
[2022/12/26 13:36:58.642] -  <   {
 <     "id": 649,
 <     "jsonrpc": "2.0",
 <     "result": "0x56bc75e2d63100000"
 <   }
[2022/12/26 13:36:58.653] -  <   {
 <     "id": 650,
 <     "jsonrpc": "2.0",
 <     "result": "0x0"
 <   }
[2022/12/26 13:40:54.921] - eth_unsubscribe
[2022/12/26 13:40:54.922] -    > {
   >   "jsonrpc": "2.0",
   >   "id": 55,
   >   "method": "eth_unsubscribe",
   >   "params": [
   >     "0x3"
   >   ]
   > }
[2022/12/26 13:40:54.922] - eth_unsubscribe
[2022/12/26 13:40:54.922] -    > {
   >   "jsonrpc": "2.0",
   >   "id": 56,
   >   "method": "eth_unsubscribe",
   >   "params": [
   >     "0x4"
   >   ]
   > }
[2022/12/26 13:40:54.926] -  <   {
 <     "id": 55,
 <     "jsonrpc": "2.0",
 <     "result": true
 <   }
[2022/12/26 13:40:54.928] -    > {
   >   "jsonrpc": "2.0",
   >   "method": "eth_unsubscribe",
   >   "params": [
   >     "0x5"
   >   ],
   >   "id": 1672040454928
   > }
[2022/12/26 13:40:54.928] -    > {
   >   "jsonrpc": "2.0",
   >   "method": "eth_unsubscribe",
   >   "params": [
   >     "0x4"
   >   ],
   >   "id": 1672040454928
   > }
[2022/12/26 13:40:54.928] -    > {
   >   "jsonrpc": "2.0",
   >   "method": "eth_unsubscribe",
   >   "params": [
   >     "0x6"
   >   ],
   >   "id": 1672040454928
   > }
[2022/12/26 13:40:54.929] -    > {
   >   "jsonrpc": "2.0",
   >   "method": "eth_unsubscribe",
   >   "params": [
   >     "0x1"
   >   ],
   >   "id": 1672040454928
   > }
[2022/12/26 13:40:54.929] -    > {
   >   "jsonrpc": "2.0",
   >   "method": "eth_unsubscribe",
   >   "params": [
   >     "0x2"
   >   ],
   >   "id": 1672040454929
   > }
[2022/12/26 13:40:54.929] -  <   {
 <     "id": 56,
 <     "jsonrpc": "2.0",
 <     "result": true
 <   }
[2022/12/26 13:40:54.942] -  <   {
 <     "id": 1672040454928,
 <     "jsonrpc": "2.0",
 <     "result": true
 <   }
[2022/12/26 13:40:54.957] -  <   {
 <     "id": 1672040454928,
 <     "jsonrpc": "2.0",
 <     "error": {
 <       "message": "Subscription ID 0x4 not found.",
 <       "code": -32000,
 <       "data": {
 <         "stack": "Error: Subscription ID 0x4 not found.\n    at SubscriptionSubprovider.eth_unsubscribe (C:\\Program Files\\WindowsApps\\GanacheUI_2.5.4.0_x64__5dg5pnz03psnj\\app\\resources\\static\\node\\node_modules\\ganache-core\\node_modules\\web3-provider-engine\\subproviders\\subscriptions.js:78:8)\n    at SubscriptionSubprovider.handleRequest (C:\\Program Files\\WindowsApps\\GanacheUI_2.5.4.0_x64__5dg5pnz03psnj\\app\\resources\\static\\node\\node_modules\\ganache-core\\node_modules\\web3-provider-engine\\subproviders\\subscriptions.js:134:12)\n    at next (C:\\Program Files\\WindowsApps\\GanacheUI_2.5.4.0_x64__5dg5pnz03psnj\\app\\resources\\static\\node\\node_modules\\ganache-core\\node_modules\\web3-provider-engine\\index.js:136:18)\n    at DelayedBlockFilter.handleRequest (C:\\Program Files\\WindowsApps\\GanacheUI_2.5.4.0_x64__5dg5pnz03psnj\\app\\resources\\static\\node\\node_modules\\ganache-core\\lib\\subproviders\\delayedblockfilter.js:31:3)\n    at next (C:\\Program Files\\WindowsApps\\GanacheUI_2.5.4.0_x64__5dg5pnz03psnj\\app\\resources\\static\\node\\node_modules\\ganache-core\\node_modules\\web3-provider-engine\\index.js:136:18)\n    at RequestFunnel.handleRequest (C:\\Program Files\\WindowsApps\\GanacheUI_2.5.4.0_x64__5dg5pnz03psnj\\app\\resources\\static\\node\\node_modules\\ganache-core\\lib\\subproviders\\requestfunnel.js:32:12)\n    at next (C:\\Program Files\\WindowsApps\\GanacheUI_2.5.4.0_x64__5dg5pnz03psnj\\app\\resources\\static\\node\\node_modules\\ganache-core\\node_modules\\web3-provider-engine\\index.js:136:18)\n    at Web3ProviderEngine._handleAsync (C:\\Program Files\\WindowsApps\\GanacheUI_2.5.4.0_x64__5dg5pnz03psnj\\app\\resources\\static\\node\\node_modules\\ganache-core\\node_modules\\web3-provider-engine\\index.js:123:3)\n    at Timeout._onTimeout (C:\\Program Files\\WindowsApps\\GanacheUI_2.5.4.0_x64__5dg5pnz03psnj\\app\\resources\\static\\node\\node_modules\\ganache-core\\node_modules\\web3-provider-engine\\index.js:107:12)\n    at listOnTimeout (internal/timers.js:531:17)\n    at processTimers (internal/timers.js:475:7)",
 <         "name": "Error"
 <       }
 <     }
 <   }
[2022/12/26 13:40:54.959] -  <   {
 <     "id": 1672040454928,
 <     "jsonrpc": "2.0",
 <     "result": true
 <   }
