[2022/12/26 13:40:54.960] - Starting server with initial configuration: {"gasLimit":6721975,"gasPrice":20000000000,"hardfork":"muirGlacier","hostname":"127.0.0.1","port":1337,"network_id":4224,"default_balance_ether":100,"total_accounts":10,"unlocked_accounts":[],"locked":false,"vmErrorsOnRPCResponse":true,"verbose":true,"db_path":"C:\\Users\\msmas\\AppData\\Roaming\\Ganache\\workspaces\\Quickstart\\chaindata","logDirectory":"D:\\intellijproject\\ethreumdapp\\ethreumdapp\\bin\\src\\main\\resources\\smart_contract\\ganache logging"}
[2022/12/26 13:40:54.981] -  <   {
 <     "id": 1672040454928,
 <     "jsonrpc": "2.0",
 <     "result": true
 <   }
[2022/12/26 13:40:54.982] -  <   {
 <     "id": 1672040454929,
 <     "jsonrpc": "2.0",
 <     "result": true
 <   }
[2022/12/26 13:40:55.161] - eth_subscribe
[2022/12/26 13:40:55.161] -    > {
   >   "jsonrpc": "2.0",
   >   "id": 57,
   >   "method": "eth_subscribe",
   >   "params": [
   >     "newHeads"
   >   ]
   > }
[2022/12/26 13:40:55.162] - eth_getLogs
[2022/12/26 13:40:55.162] -    > {
   >   "jsonrpc": "2.0",
   >   "id": 58,
   >   "method": "eth_getLogs",
   >   "params": [
   >     {
   >       "topics": []
   >     }
   >   ]
   > }
[2022/12/26 13:40:55.163] - eth_subscribe
[2022/12/26 13:40:55.163] -    > {
   >   "jsonrpc": "2.0",
   >   "id": 59,
   >   "method": "eth_subscribe",
   >   "params": [
   >     "logs",
   >     {
   >       "topics": []
   >     }
   >   ]
   > }
[2022/12/26 13:40:55.164] -  <   {
 <     "id": 57,
 <     "jsonrpc": "2.0",
 <     "result": "0x1"
 <   }
[2022/12/26 13:40:55.165] -  <   {
 <     "id": 58,
 <     "jsonrpc": "2.0",
 <     "result": []
 <   }
[2022/12/26 13:40:55.176] -  <   {
 <     "id": 59,
 <     "jsonrpc": "2.0",
 <     "result": "0x2"
 <   }
[2022/12/26 13:40:55.176] - eth_subscribe
[2022/12/26 13:40:55.177] -    > {
   >   "jsonrpc": "2.0",
   >   "id": 60,
   >   "method": "eth_subscribe",
   >   "params": [
   >     "newHeads"
   >   ]
   > }
[2022/12/26 13:40:55.177] - eth_getLogs
[2022/12/26 13:40:55.177] -    > {
   >   "jsonrpc": "2.0",
   >   "id": 61,
   >   "method": "eth_getLogs",
   >   "params": [
   >     {
   >       "topics": []
   >     }
   >   ]
   > }
[2022/12/26 13:40:55.178] - eth_subscribe
[2022/12/26 13:40:55.178] -    > {
   >   "jsonrpc": "2.0",
   >   "id": 62,
   >   "method": "eth_subscribe",
   >   "params": [
   >     "logs",
   >     {
   >       "topics": []
   >     }
   >   ]
   > }
[2022/12/26 13:40:55.187] -  <   {
 <     "id": 60,
 <     "jsonrpc": "2.0",
 <     "result": "0x3"
 <   }
[2022/12/26 13:40:55.191] -  <   {
 <     "id": 61,
 <     "jsonrpc": "2.0",
 <     "result": []
 <   }
[2022/12/26 13:40:55.207] -  <   {
 <     "id": 62,
 <     "jsonrpc": "2.0",
 <     "result": "0x4"
 <   }
[2022/12/26 13:40:55.211] - eth_blockNumber
[2022/12/26 13:40:55.211] -    > {
   >   "jsonrpc": "2.0",
   >   "id": 651,
   >   "method": "eth_blockNumber",
   >   "params": [],
   >   "internal": true
   > }
[2022/12/26 13:40:55.211] - eth_accounts
[2022/12/26 13:40:55.211] -    > {
   >   "jsonrpc": "2.0",
   >   "id": 652,
   >   "method": "eth_accounts",
   >   "params": [],
   >   "internal": true
   > }
[2022/12/26 13:40:55.211] - eth_gasPrice
[2022/12/26 13:40:55.212] -    > {
   >   "jsonrpc": "2.0",
   >   "id": 653,
   >   "method": "eth_gasPrice",
   >   "params": [],
   >   "internal": true
   > }
[2022/12/26 13:40:55.212] -  <   {
 <     "id": 651,
 <     "jsonrpc": "2.0",
 <     "result": "0x0"
 <   }
[2022/12/26 13:40:55.212] - eth_getBlockByNumber
[2022/12/26 13:40:55.212] -    > {
   >   "jsonrpc": "2.0",
   >   "id": 654,
   >   "method": "eth_getBlockByNumber",
   >   "params": [
   >     "latest",
   >     false
   >   ],
   >   "internal": true
   > }
[2022/12/26 13:40:55.213] - eth_subscribe
[2022/12/26 13:40:55.213] -    > {
   >   "jsonrpc": "2.0",
   >   "id": 655,
   >   "method": "eth_subscribe",
   >   "params": [
   >     "newHeads"
   >   ],
   >   "internal": true
   > }
[2022/12/26 13:40:55.220] -  <   {
 <     "id": 652,
 <     "jsonrpc": "2.0",
 <     "result": [
 <       "0x6df053ee2b260b9a533199bc355c46cbbfa71e6e",
 <       "0xfa93b1b0436a0bb22d84c0bcaf6e5c32755137c8",
 <       "0x7772047a0d02bbdfd750b10acc636f44c118ed96",
 <       "0xdaef538e099d557da81131840fc1babc40e01c5c",
 <       "0x060cde82a135d4e2c410432a7875df2c8cffbf5f",
 <       "0xa15d03479253b115611c34d5392fc026c8d1b9af",
 <       "0xec5e67874fee268113f2f6cc55b4aac75c0ad455",
 <       "0xaa3ed24798ea08ffdeaa816fde83a4c62f9ae4e4",
 <       "0x1f1c0abfcec0d0d3f92b152fa0f3bbbd147f2367",
 <       "0x523c6dc414a81f772c8dbb291c6f35d5555055f9"
 <     ]
 <   }
[2022/12/26 13:40:55.221] - eth_accounts
[2022/12/26 13:40:55.221] -    > {
   >   "jsonrpc": "2.0",
   >   "id": 661,
   >   "method": "eth_accounts",
   >   "params": [],
   >   "internal": true
   > }
[2022/12/26 13:40:55.222] -  <   {
 <     "id": 653,
 <     "jsonrpc": "2.0",
 <     "result": "0x4a817c800"
 <   }
[2022/12/26 13:40:55.223] - eth_blockNumber
[2022/12/26 13:40:55.223] -    > {
   >   "jsonrpc": "2.0",
   >   "id": 656,
   >   "method": "eth_blockNumber",
   >   "params": [],
   >   "internal": true
   > }
[2022/12/26 13:40:55.223] - eth_accounts
[2022/12/26 13:40:55.224] -    > {
   >   "jsonrpc": "2.0",
   >   "id": 657,
   >   "method": "eth_accounts",
   >   "params": [],
   >   "internal": true
   > }
[2022/12/26 13:40:55.224] -  <   {
 <     "id": 654,
 <     "jsonrpc": "2.0",
 <     "result": {
 <       "number": "0x0",
 <       "hash": "0x8e840fd334df306931bfa0a658f89493ed60b2f1492e75709251d8ad032fac68",
 <       "parentHash": "0x0000000000000000000000000000000000000000000000000000000000000000",
 <       "mixHash": "0x0000000000000000000000000000000000000000000000000000000000000000",
 <       "nonce": "0x0000000000000000",
 <       "sha3Uncles": "0x1dcc4de8dec75d7aab85b567b6ccd41ad312451b948a7413f0a142fd40d49347",
 <       "logsBloom": "0x00000000000000000000000000000000000000000000000000000000000000000000000000000000000000000000000000000000000000000000000000000000000000000000000000000000000000000000000000000000000000000000000000000000000000000000000000000000000000000000000000000000000000000000000000000000000000000000000000000000000000000000000000000000000000000000000000000000000000000000000000000000000000000000000000000000000000000000000000000000000000000000000000000000000000000000000000000000000000000000000000000000000000000000000000000000",
 <       "transactionsRoot": "0x56e81f171bcc55a6ff8345e692c0f86e5b48e01b996cadc001622fb5e363b421",
 <       "stateRoot": "0x9763c56efeed9d4d2cd504b770ba75d48c0d7bbbf9a33b0025a712e4373b5ae9",
 <       "receiptsRoot": "0x56e81f171bcc55a6ff8345e692c0f86e5b48e01b996cadc001622fb5e363b421",
 <       "miner": "0x0000000000000000000000000000000000000000",
 <       "difficulty": "0x0",
 <       "totalDifficulty": "0x0",
 <       "extraData": "0x",
 <       "size": "0x3e8",
 <       "gasLimit": "0x6691b7",
 <       "gasUsed": "0x0",
 <       "timestamp": "0x63a95006",
 <       "transactions": [],
 <       "uncles": []
 <     }
 <   }
[2022/12/26 13:40:55.225] - eth_gasPrice
[2022/12/26 13:40:55.225] -    > {
   >   "jsonrpc": "2.0",
   >   "id": 658,
   >   "method": "eth_gasPrice",
   >   "params": [],
   >   "internal": true
   > }
[2022/12/26 13:40:55.238] -  <   {
 <     "id": 655,
 <     "jsonrpc": "2.0",
 <     "result": "0x5"
 <   }
[2022/12/26 13:40:55.241] -  <   {
 <     "id": 661,
 <     "jsonrpc": "2.0",
 <     "result": [
 <       "0x6df053ee2b260b9a533199bc355c46cbbfa71e6e",
 <       "0xfa93b1b0436a0bb22d84c0bcaf6e5c32755137c8",
 <       "0x7772047a0d02bbdfd750b10acc636f44c118ed96",
 <       "0xdaef538e099d557da81131840fc1babc40e01c5c",
 <       "0x060cde82a135d4e2c410432a7875df2c8cffbf5f",
 <       "0xa15d03479253b115611c34d5392fc026c8d1b9af",
 <       "0xec5e67874fee268113f2f6cc55b4aac75c0ad455",
 <       "0xaa3ed24798ea08ffdeaa816fde83a4c62f9ae4e4",
 <       "0x1f1c0abfcec0d0d3f92b152fa0f3bbbd147f2367",
 <       "0x523c6dc414a81f772c8dbb291c6f35d5555055f9"
 <     ]
 <   }
[2022/12/26 13:40:55.242] - eth_getBalance
[2022/12/26 13:40:55.242] -    > {
   >   "jsonrpc": "2.0",
   >   "id": 662,
   >   "method": "eth_getBalance",
   >   "params": [
   >     "0x6df053ee2b260b9a533199bc355c46cbbfa71e6e",
   >     "latest"
   >   ],
   >   "internal": true
   > }
[2022/12/26 13:40:55.244] -  <   {
 <     "id": 656,
 <     "jsonrpc": "2.0",
 <     "result": "0x0"
 <   }
[2022/12/26 13:40:55.244] - eth_getTransactionCount
[2022/12/26 13:40:55.244] -    > {
   >   "jsonrpc": "2.0",
   >   "id": 663,
   >   "method": "eth_getTransactionCount",
   >   "params": [
   >     "0x6df053ee2b260b9a533199bc355c46cbbfa71e6e",
   >     "latest"
   >   ],
   >   "internal": true
   > }
[2022/12/26 13:40:55.246] -  <   {
 <     "id": 657,
 <     "jsonrpc": "2.0",
 <     "result": [
 <       "0x6df053ee2b260b9a533199bc355c46cbbfa71e6e",
 <       "0xfa93b1b0436a0bb22d84c0bcaf6e5c32755137c8",
 <       "0x7772047a0d02bbdfd750b10acc636f44c118ed96",
 <       "0xdaef538e099d557da81131840fc1babc40e01c5c",
 <       "0x060cde82a135d4e2c410432a7875df2c8cffbf5f",
 <       "0xa15d03479253b115611c34d5392fc026c8d1b9af",
 <       "0xec5e67874fee268113f2f6cc55b4aac75c0ad455",
 <       "0xaa3ed24798ea08ffdeaa816fde83a4c62f9ae4e4",
 <       "0x1f1c0abfcec0d0d3f92b152fa0f3bbbd147f2367",
 <       "0x523c6dc414a81f772c8dbb291c6f35d5555055f9"
 <     ]
 <   }
[2022/12/26 13:40:55.247] - eth_getBalance
[2022/12/26 13:40:55.247] -    > {
   >   "jsonrpc": "2.0",
   >   "id": 664,
   >   "method": "eth_getBalance",
   >   "params": [
   >     "0xfa93b1b0436a0bb22d84c0bcaf6e5c32755137c8",
   >     "latest"
   >   ],
   >   "internal": true
   > }
[2022/12/26 13:40:55.249] -  <   {
 <     "id": 658,
 <     "jsonrpc": "2.0",
 <     "result": "0x4a817c800"
 <   }
[2022/12/26 13:40:55.250] - eth_getTransactionCount
[2022/12/26 13:40:55.250] -    > {
   >   "jsonrpc": "2.0",
   >   "id": 665,
   >   "method": "eth_getTransactionCount",
   >   "params": [
   >     "0xfa93b1b0436a0bb22d84c0bcaf6e5c32755137c8",
   >     "latest"
   >   ],
   >   "internal": true
   > }
[2022/12/26 13:40:55.254] -  <   {
 <     "id": 662,
 <     "jsonrpc": "2.0",
 <     "result": "0x56bc75e2d63100000"
 <   }
[2022/12/26 13:40:55.254] - eth_getBalance
[2022/12/26 13:40:55.254] -    > {
   >   "jsonrpc": "2.0",
   >   "id": 666,
   >   "method": "eth_getBalance",
   >   "params": [
   >     "0x7772047a0d02bbdfd750b10acc636f44c118ed96",
   >     "latest"
   >   ],
   >   "internal": true
   > }
[2022/12/26 13:40:55.258] -  <   {
 <     "id": 663,
 <     "jsonrpc": "2.0",
 <     "result": "0x0"
 <   }
[2022/12/26 13:40:55.258] - eth_getTransactionCount
[2022/12/26 13:40:55.258] -    > {
   >   "jsonrpc": "2.0",
   >   "id": 667,
   >   "method": "eth_getTransactionCount",
   >   "params": [
   >     "0x7772047a0d02bbdfd750b10acc636f44c118ed96",
   >     "latest"
   >   ],
   >   "internal": true
   > }
[2022/12/26 13:40:55.263] -  <   {
 <     "id": 664,
 <     "jsonrpc": "2.0",
 <     "result": "0x56bc75e2d63100000"
 <   }
[2022/12/26 13:40:55.264] - eth_getBalance
[2022/12/26 13:40:55.264] -    > {
   >   "jsonrpc": "2.0",
   >   "id": 668,
   >   "method": "eth_getBalance",
   >   "params": [
   >     "0xdaef538e099d557da81131840fc1babc40e01c5c",
   >     "latest"
   >   ],
   >   "internal": true
   > }
[2022/12/26 13:40:55.275] -  <   {
 <     "id": 665,
 <     "jsonrpc": "2.0",
 <     "result": "0x0"
 <   }
[2022/12/26 13:40:55.275] - eth_getTransactionCount
[2022/12/26 13:40:55.276] -    > {
   >   "jsonrpc": "2.0",
   >   "id": 669,
   >   "method": "eth_getTransactionCount",
   >   "params": [
   >     "0xdaef538e099d557da81131840fc1babc40e01c5c",
   >     "latest"
   >   ],
   >   "internal": true
   > }
[2022/12/26 13:40:55.276] - eth_getBalance
[2022/12/26 13:40:55.276] -    > {
   >   "jsonrpc": "2.0",
   >   "id": 670,
   >   "method": "eth_getBalance",
   >   "params": [
   >     "0x060cde82a135d4e2c410432a7875df2c8cffbf5f",
   >     "latest"
   >   ],
   >   "internal": true
   > }
[2022/12/26 13:40:55.276] - eth_getTransactionCount
[2022/12/26 13:40:55.277] -    > {
   >   "jsonrpc": "2.0",
   >   "id": 671,
   >   "method": "eth_getTransactionCount",
   >   "params": [
   >     "0x060cde82a135d4e2c410432a7875df2c8cffbf5f",
   >     "latest"
   >   ],
   >   "internal": true
   > }
[2022/12/26 13:40:55.277] - eth_getBalance
[2022/12/26 13:40:55.277] -    > {
   >   "jsonrpc": "2.0",
   >   "id": 672,
   >   "method": "eth_getBalance",
   >   "params": [
   >     "0xa15d03479253b115611c34d5392fc026c8d1b9af",
   >     "latest"
   >   ],
   >   "internal": true
   > }
[2022/12/26 13:40:55.277] - eth_getTransactionCount
[2022/12/26 13:40:55.277] -    > {
   >   "jsonrpc": "2.0",
   >   "id": 673,
   >   "method": "eth_getTransactionCount",
   >   "params": [
   >     "0xa15d03479253b115611c34d5392fc026c8d1b9af",
   >     "latest"
   >   ],
   >   "internal": true
   > }
[2022/12/26 13:40:55.278] -  <   {
 <     "id": 666,
 <     "jsonrpc": "2.0",
 <     "result": "0x56bc75e2d63100000"
 <   }
[2022/12/26 13:40:55.279] - eth_getBalance
[2022/12/26 13:40:55.279] -    > {
   >   "jsonrpc": "2.0",
   >   "id": 674,
   >   "method": "eth_getBalance",
   >   "params": [
   >     "0xec5e67874fee268113f2f6cc55b4aac75c0ad455",
   >     "latest"
   >   ],
   >   "internal": true
   > }
[2022/12/26 13:40:55.280] - eth_getTransactionCount
[2022/12/26 13:40:55.280] -    > {
   >   "jsonrpc": "2.0",
   >   "id": 675,
   >   "method": "eth_getTransactionCount",
   >   "params": [
   >     "0xec5e67874fee268113f2f6cc55b4aac75c0ad455",
   >     "latest"
   >   ],
   >   "internal": true
   > }
[2022/12/26 13:40:55.281] -  <   {
 <     "id": 667,
 <     "jsonrpc": "2.0",
 <     "result": "0x0"
 <   }
[2022/12/26 13:40:55.282] -  <   {
 <     "id": 668,
 <     "jsonrpc": "2.0",
 <     "result": "0x56bc75e2d63100000"
 <   }
[2022/12/26 13:40:55.283] - eth_getBalance
[2022/12/26 13:40:55.283] -    > {
   >   "jsonrpc": "2.0",
   >   "id": 676,
   >   "method": "eth_getBalance",
   >   "params": [
   >     "0xaa3ed24798ea08ffdeaa816fde83a4c62f9ae4e4",
   >     "latest"
   >   ],
   >   "internal": true
   > }
[2022/12/26 13:40:55.285] -  <   {
 <     "id": 669,
 <     "jsonrpc": "2.0",
 <     "result": "0x0"
 <   }
[2022/12/26 13:40:55.286] - eth_getTransactionCount
[2022/12/26 13:40:55.286] -    > {
   >   "jsonrpc": "2.0",
   >   "id": 677,
   >   "method": "eth_getTransactionCount",
   >   "params": [
   >     "0xaa3ed24798ea08ffdeaa816fde83a4c62f9ae4e4",
   >     "latest"
   >   ],
   >   "internal": true
   > }
[2022/12/26 13:40:55.288] -  <   {
 <     "id": 670,
 <     "jsonrpc": "2.0",
 <     "result": "0x56bc75e2d63100000"
 <   }
[2022/12/26 13:40:55.289] - eth_getBalance
[2022/12/26 13:40:55.289] -    > {
   >   "jsonrpc": "2.0",
   >   "id": 678,
   >   "method": "eth_getBalance",
   >   "params": [
   >     "0x1f1c0abfcec0d0d3f92b152fa0f3bbbd147f2367",
   >     "latest"
   >   ],
   >   "internal": true
   > }
[2022/12/26 13:40:55.291] -  <   {
 <     "id": 671,
 <     "jsonrpc": "2.0",
 <     "result": "0x0"
 <   }
[2022/12/26 13:40:55.292] - eth_getTransactionCount
[2022/12/26 13:40:55.292] -    > {
   >   "jsonrpc": "2.0",
   >   "id": 679,
   >   "method": "eth_getTransactionCount",
   >   "params": [
   >     "0x1f1c0abfcec0d0d3f92b152fa0f3bbbd147f2367",
   >     "latest"
   >   ],
   >   "internal": true
   > }
[2022/12/26 13:40:55.293] - eth_getBalance
[2022/12/26 13:40:55.293] -    > {
   >   "jsonrpc": "2.0",
   >   "id": 680,
   >   "method": "eth_getBalance",
   >   "params": [
   >     "0x523c6dc414a81f772c8dbb291c6f35d5555055f9",
   >     "latest"
   >   ],
   >   "internal": true
   > }
[2022/12/26 13:40:55.294] -  <   {
 <     "id": 672,
 <     "jsonrpc": "2.0",
 <     "result": "0x56bc75e2d63100000"
 <   }
[2022/12/26 13:40:55.295] -  <   {
 <     "id": 673,
 <     "jsonrpc": "2.0",
 <     "result": "0x0"
 <   }
[2022/12/26 13:40:55.296] - eth_getTransactionCount
[2022/12/26 13:40:55.296] -    > {
   >   "jsonrpc": "2.0",
   >   "id": 681,
   >   "method": "eth_getTransactionCount",
   >   "params": [
   >     "0x523c6dc414a81f772c8dbb291c6f35d5555055f9",
   >     "latest"
   >   ],
   >   "internal": true
   > }
[2022/12/26 13:40:55.298] -  <   {
 <     "id": 674,
 <     "jsonrpc": "2.0",
 <     "result": "0x56bc75e2d63100000"
 <   }
[2022/12/26 13:40:55.299] - eth_getBlockByNumber
[2022/12/26 13:40:55.299] -    > {
   >   "jsonrpc": "2.0",
   >   "id": 659,
   >   "method": "eth_getBlockByNumber",
   >   "params": [
   >     "latest",
   >     false
   >   ],
   >   "internal": true
   > }
[2022/12/26 13:40:55.299] - eth_subscribe
[2022/12/26 13:40:55.299] -    > {
   >   "jsonrpc": "2.0",
   >   "id": 660,
   >   "method": "eth_subscribe",
   >   "params": [
   >     "newHeads"
   >   ],
   >   "internal": true
   > }
[2022/12/26 13:40:55.300] -  <   {
 <     "id": 675,
 <     "jsonrpc": "2.0",
 <     "result": "0x0"
 <   }
[2022/12/26 13:40:55.318] -  <   {
 <     "id": 676,
 <     "jsonrpc": "2.0",
 <     "result": "0x56bc75e2d63100000"
 <   }
[2022/12/26 13:40:55.329] -  <   {
 <     "id": 677,
 <     "jsonrpc": "2.0",
 <     "result": "0x0"
 <   }
[2022/12/26 13:40:55.331] - eth_getBalance
[2022/12/26 13:40:55.331] -    > {
   >   "jsonrpc": "2.0",
   >   "id": 682,
   >   "method": "eth_getBalance",
   >   "params": [
   >     "0x6df053ee2b260b9a533199bc355c46cbbfa71e6e",
   >     "latest"
   >   ],
   >   "internal": true
   > }
[2022/12/26 13:40:55.332] - eth_getTransactionCount
[2022/12/26 13:40:55.332] -    > {
   >   "jsonrpc": "2.0",
   >   "id": 683,
   >   "method": "eth_getTransactionCount",
   >   "params": [
   >     "0x6df053ee2b260b9a533199bc355c46cbbfa71e6e",
   >     "latest"
   >   ],
   >   "internal": true
   > }
[2022/12/26 13:40:55.332] - eth_getBalance
[2022/12/26 13:40:55.332] -    > {
   >   "jsonrpc": "2.0",
   >   "id": 684,
   >   "method": "eth_getBalance",
   >   "params": [
   >     "0xfa93b1b0436a0bb22d84c0bcaf6e5c32755137c8",
   >     "latest"
   >   ],
   >   "internal": true
   > }
[2022/12/26 13:40:55.335] -  <   {
 <     "id": 678,
 <     "jsonrpc": "2.0",
 <     "result": "0x56bc75e2d63100000"
 <   }
[2022/12/26 13:40:55.335] - eth_getTransactionCount
[2022/12/26 13:40:55.335] -    > {
   >   "jsonrpc": "2.0",
   >   "id": 685,
   >   "method": "eth_getTransactionCount",
   >   "params": [
   >     "0xfa93b1b0436a0bb22d84c0bcaf6e5c32755137c8",
   >     "latest"
   >   ],
   >   "internal": true
   > }
[2022/12/26 13:40:55.338] -  <   {
 <     "id": 679,
 <     "jsonrpc": "2.0",
 <     "result": "0x0"
 <   }
[2022/12/26 13:40:55.339] - eth_getBalance
[2022/12/26 13:40:55.339] -    > {
   >   "jsonrpc": "2.0",
   >   "id": 686,
   >   "method": "eth_getBalance",
   >   "params": [
   >     "0x7772047a0d02bbdfd750b10acc636f44c118ed96",
   >     "latest"
   >   ],
   >   "internal": true
   > }
[2022/12/26 13:40:55.350] -  <   {
 <     "id": 680,
 <     "jsonrpc": "2.0",
 <     "result": "0x56bc75e2d63100000"
 <   }
[2022/12/26 13:40:55.361] - eth_getTransactionCount
[2022/12/26 13:40:55.361] -    > {
   >   "jsonrpc": "2.0",
   >   "id": 687,
   >   "method": "eth_getTransactionCount",
   >   "params": [
   >     "0x7772047a0d02bbdfd750b10acc636f44c118ed96",
   >     "latest"
   >   ],
   >   "internal": true
   > }
[2022/12/26 13:40:55.365] -  <   {
 <     "id": 681,
 <     "jsonrpc": "2.0",
 <     "result": "0x0"
 <   }
[2022/12/26 13:40:55.370] -  <   {
 <     "id": 659,
 <     "jsonrpc": "2.0",
 <     "result": {
 <       "number": "0x0",
 <       "hash": "0x8e840fd334df306931bfa0a658f89493ed60b2f1492e75709251d8ad032fac68",
 <       "parentHash": "0x0000000000000000000000000000000000000000000000000000000000000000",
 <       "mixHash": "0x0000000000000000000000000000000000000000000000000000000000000000",
 <       "nonce": "0x0000000000000000",
 <       "sha3Uncles": "0x1dcc4de8dec75d7aab85b567b6ccd41ad312451b948a7413f0a142fd40d49347",
 <       "logsBloom": "0x00000000000000000000000000000000000000000000000000000000000000000000000000000000000000000000000000000000000000000000000000000000000000000000000000000000000000000000000000000000000000000000000000000000000000000000000000000000000000000000000000000000000000000000000000000000000000000000000000000000000000000000000000000000000000000000000000000000000000000000000000000000000000000000000000000000000000000000000000000000000000000000000000000000000000000000000000000000000000000000000000000000000000000000000000000000",
 <       "transactionsRoot": "0x56e81f171bcc55a6ff8345e692c0f86e5b48e01b996cadc001622fb5e363b421",
 <       "stateRoot": "0x9763c56efeed9d4d2cd504b770ba75d48c0d7bbbf9a33b0025a712e4373b5ae9",
 <       "receiptsRoot": "0x56e81f171bcc55a6ff8345e692c0f86e5b48e01b996cadc001622fb5e363b421",
 <       "miner": "0x0000000000000000000000000000000000000000",
 <       "difficulty": "0x0",
 <       "totalDifficulty": "0x0",
 <       "extraData": "0x",
 <       "size": "0x3e8",
 <       "gasLimit": "0x6691b7",
 <       "gasUsed": "0x0",
 <       "timestamp": "0x63a95006",
 <       "transactions": [],
 <       "uncles": []
 <     }
 <   }
[2022/12/26 13:40:55.371] - eth_getBalance
[2022/12/26 13:40:55.371] -    > {
   >   "jsonrpc": "2.0",
   >   "id": 688,
   >   "method": "eth_getBalance",
   >   "params": [
   >     "0xdaef538e099d557da81131840fc1babc40e01c5c",
   >     "latest"
   >   ],
   >   "internal": true
   > }
[2022/12/26 13:40:55.373] -  <   {
 <     "id": 660,
 <     "jsonrpc": "2.0",
 <     "result": "0x6"
 <   }
[2022/12/26 13:40:55.374] - eth_getTransactionCount
[2022/12/26 13:40:55.374] -    > {
   >   "jsonrpc": "2.0",
   >   "id": 689,
   >   "method": "eth_getTransactionCount",
   >   "params": [
   >     "0xdaef538e099d557da81131840fc1babc40e01c5c",
   >     "latest"
   >   ],
   >   "internal": true
   > }
[2022/12/26 13:40:55.376] -  <   {
 <     "id": 682,
 <     "jsonrpc": "2.0",
 <     "result": "0x56bc75e2d63100000"
 <   }
[2022/12/26 13:40:55.376] - eth_getBalance
[2022/12/26 13:40:55.377] -    > {
   >   "jsonrpc": "2.0",
   >   "id": 690,
   >   "method": "eth_getBalance",
   >   "params": [
   >     "0x060cde82a135d4e2c410432a7875df2c8cffbf5f",
   >     "latest"
   >   ],
   >   "internal": true
   > }
[2022/12/26 13:40:55.378] - eth_getTransactionCount
[2022/12/26 13:40:55.378] -    > {
   >   "jsonrpc": "2.0",
   >   "id": 691,
   >   "method": "eth_getTransactionCount",
   >   "params": [
   >     "0x060cde82a135d4e2c410432a7875df2c8cffbf5f",
   >     "latest"
   >   ],
   >   "internal": true
   > }
[2022/12/26 13:40:55.380] -  <   {
 <     "id": 683,
 <     "jsonrpc": "2.0",
 <     "result": "0x0"
 <   }
[2022/12/26 13:40:55.386] -  <   {
 <     "id": 684,
 <     "jsonrpc": "2.0",
 <     "result": "0x56bc75e2d63100000"
 <   }
[2022/12/26 13:40:55.387] - eth_getBalance
[2022/12/26 13:40:55.387] -    > {
   >   "jsonrpc": "2.0",
   >   "id": 692,
   >   "method": "eth_getBalance",
   >   "params": [
   >     "0xa15d03479253b115611c34d5392fc026c8d1b9af",
   >     "latest"
   >   ],
   >   "internal": true
   > }
[2022/12/26 13:40:55.387] - eth_getTransactionCount
[2022/12/26 13:40:55.388] -    > {
   >   "jsonrpc": "2.0",
   >   "id": 693,
   >   "method": "eth_getTransactionCount",
   >   "params": [
   >     "0xa15d03479253b115611c34d5392fc026c8d1b9af",
   >     "latest"
   >   ],
   >   "internal": true
   > }
[2022/12/26 13:40:55.388] -  <   {
 <     "id": 685,
 <     "jsonrpc": "2.0",
 <     "result": "0x0"
 <   }
[2022/12/26 13:40:55.389] - eth_getBalance
[2022/12/26 13:40:55.389] -    > {
   >   "jsonrpc": "2.0",
   >   "id": 694,
   >   "method": "eth_getBalance",
   >   "params": [
   >     "0xec5e67874fee268113f2f6cc55b4aac75c0ad455",
   >     "latest"
   >   ],
   >   "internal": true
   > }
[2022/12/26 13:40:55.391] -  <   {
 <     "id": 686,
 <     "jsonrpc": "2.0",
 <     "result": "0x56bc75e2d63100000"
 <   }
[2022/12/26 13:40:55.392] - eth_getTransactionCount
[2022/12/26 13:40:55.392] -    > {
   >   "jsonrpc": "2.0",
   >   "id": 695,
   >   "method": "eth_getTransactionCount",
   >   "params": [
   >     "0xec5e67874fee268113f2f6cc55b4aac75c0ad455",
   >     "latest"
   >   ],
   >   "internal": true
   > }
[2022/12/26 13:40:55.395] -  <   {
 <     "id": 687,
 <     "jsonrpc": "2.0",
 <     "result": "0x0"
 <   }
[2022/12/26 13:40:55.396] - eth_getBalance
[2022/12/26 13:40:55.396] -    > {
   >   "jsonrpc": "2.0",
   >   "id": 696,
   >   "method": "eth_getBalance",
   >   "params": [
   >     "0xaa3ed24798ea08ffdeaa816fde83a4c62f9ae4e4",
   >     "latest"
   >   ],
   >   "internal": true
   > }
[2022/12/26 13:40:55.399] -  <   {
 <     "id": 688,
 <     "jsonrpc": "2.0",
 <     "result": "0x56bc75e2d63100000"
 <   }
[2022/12/26 13:40:55.399] - eth_getTransactionCount
[2022/12/26 13:40:55.400] -    > {
   >   "jsonrpc": "2.0",
   >   "id": 697,
   >   "method": "eth_getTransactionCount",
   >   "params": [
   >     "0xaa3ed24798ea08ffdeaa816fde83a4c62f9ae4e4",
   >     "latest"
   >   ],
   >   "internal": true
   > }
[2022/12/26 13:40:55.403] -  <   {
 <     "id": 689,
 <     "jsonrpc": "2.0",
 <     "result": "0x0"
 <   }
[2022/12/26 13:40:55.404] - eth_getBalance
[2022/12/26 13:40:55.404] -    > {
   >   "jsonrpc": "2.0",
   >   "id": 698,
   >   "method": "eth_getBalance",
   >   "params": [
   >     "0x1f1c0abfcec0d0d3f92b152fa0f3bbbd147f2367",
   >     "latest"
   >   ],
   >   "internal": true
   > }
[2022/12/26 13:40:55.407] -  <   {
 <     "id": 690,
 <     "jsonrpc": "2.0",
 <     "result": "0x56bc75e2d63100000"
 <   }
[2022/12/26 13:40:55.407] - eth_getTransactionCount
[2022/12/26 13:40:55.407] -    > {
   >   "jsonrpc": "2.0",
   >   "id": 699,
   >   "method": "eth_getTransactionCount",
   >   "params": [
   >     "0x1f1c0abfcec0d0d3f92b152fa0f3bbbd147f2367",
   >     "latest"
   >   ],
   >   "internal": true
   > }
[2022/12/26 13:40:55.411] -  <   {
 <     "id": 691,
 <     "jsonrpc": "2.0",
 <     "result": "0x0"
 <   }
[2022/12/26 13:40:55.411] - eth_getBalance
[2022/12/26 13:40:55.411] -    > {
   >   "jsonrpc": "2.0",
   >   "id": 700,
   >   "method": "eth_getBalance",
   >   "params": [
   >     "0x523c6dc414a81f772c8dbb291c6f35d5555055f9",
   >     "latest"
   >   ],
   >   "internal": true
   > }
[2022/12/26 13:40:55.416] -  <   {
 <     "id": 692,
 <     "jsonrpc": "2.0",
 <     "result": "0x56bc75e2d63100000"
 <   }
[2022/12/26 13:40:55.416] - eth_getTransactionCount
[2022/12/26 13:40:55.416] -    > {
   >   "jsonrpc": "2.0",
   >   "id": 701,
   >   "method": "eth_getTransactionCount",
   >   "params": [
   >     "0x523c6dc414a81f772c8dbb291c6f35d5555055f9",
   >     "latest"
   >   ],
   >   "internal": true
   > }
[2022/12/26 13:40:55.417] -  <   {
 <     "id": 693,
 <     "jsonrpc": "2.0",
 <     "result": "0x0"
 <   }
[2022/12/26 13:40:55.421] -  <   {
 <     "id": 694,
 <     "jsonrpc": "2.0",
 <     "result": "0x56bc75e2d63100000"
 <   }
[2022/12/26 13:40:55.421] - eth_getBalance
[2022/12/26 13:40:55.422] -    > {
   >   "jsonrpc": "2.0",
   >   "id": 703,
   >   "method": "eth_getBalance",
   >   "params": [
   >     "0x6df053ee2b260b9a533199bc355c46cbbfa71e6e",
   >     "latest"
   >   ],
   >   "internal": true
   > }
[2022/12/26 13:40:55.422] - eth_getTransactionCount
[2022/12/26 13:40:55.423] -    > {
   >   "jsonrpc": "2.0",
   >   "id": 704,
   >   "method": "eth_getTransactionCount",
   >   "params": [
   >     "0x6df053ee2b260b9a533199bc355c46cbbfa71e6e",
   >     "latest"
   >   ],
   >   "internal": true
   > }
[2022/12/26 13:40:55.424] -  <   {
 <     "id": 695,
 <     "jsonrpc": "2.0",
 <     "result": "0x0"
 <   }
[2022/12/26 13:40:55.425] - eth_getBalance
[2022/12/26 13:40:55.425] -    > {
   >   "jsonrpc": "2.0",
   >   "id": 705,
   >   "method": "eth_getBalance",
   >   "params": [
   >     "0xfa93b1b0436a0bb22d84c0bcaf6e5c32755137c8",
   >     "latest"
   >   ],
   >   "internal": true
   > }
[2022/12/26 13:40:55.426] -  <   {
 <     "id": 696,
 <     "jsonrpc": "2.0",
 <     "result": "0x56bc75e2d63100000"
 <   }
[2022/12/26 13:40:55.428] -  <   {
 <     "id": 697,
 <     "jsonrpc": "2.0",
 <     "result": "0x0"
 <   }
[2022/12/26 13:40:55.429] - eth_getTransactionCount
[2022/12/26 13:40:55.429] -    > {
   >   "jsonrpc": "2.0",
   >   "id": 706,
   >   "method": "eth_getTransactionCount",
   >   "params": [
   >     "0xfa93b1b0436a0bb22d84c0bcaf6e5c32755137c8",
   >     "latest"
   >   ],
   >   "internal": true
   > }
[2022/12/26 13:40:55.431] -  <   {
 <     "id": 698,
 <     "jsonrpc": "2.0",
 <     "result": "0x56bc75e2d63100000"
 <   }
[2022/12/26 13:40:55.432] - eth_getBalance
[2022/12/26 13:40:55.432] -    > {
   >   "jsonrpc": "2.0",
   >   "id": 707,
   >   "method": "eth_getBalance",
   >   "params": [
   >     "0x7772047a0d02bbdfd750b10acc636f44c118ed96",
   >     "latest"
   >   ],
   >   "internal": true
   > }
[2022/12/26 13:40:55.435] -  <   {
 <     "id": 699,
 <     "jsonrpc": "2.0",
 <     "result": "0x0"
 <   }
[2022/12/26 13:40:55.435] - eth_getTransactionCount
[2022/12/26 13:40:55.435] -    > {
   >   "jsonrpc": "2.0",
   >   "id": 708,
   >   "method": "eth_getTransactionCount",
   >   "params": [
   >     "0x7772047a0d02bbdfd750b10acc636f44c118ed96",
   >     "latest"
   >   ],
   >   "internal": true
   > }
[2022/12/26 13:40:55.436] - eth_getBalance
[2022/12/26 13:40:55.437] -    > {
   >   "jsonrpc": "2.0",
   >   "id": 709,
   >   "method": "eth_getBalance",
   >   "params": [
   >     "0xdaef538e099d557da81131840fc1babc40e01c5c",
   >     "latest"
   >   ],
   >   "internal": true
   > }
[2022/12/26 13:40:55.438] -  <   {
 <     "id": 700,
 <     "jsonrpc": "2.0",
 <     "result": "0x56bc75e2d63100000"
 <   }
[2022/12/26 13:40:55.440] -  <   {
 <     "id": 701,
 <     "jsonrpc": "2.0",
 <     "result": "0x0"
 <   }
[2022/12/26 13:40:55.441] - eth_getTransactionCount
[2022/12/26 13:40:55.441] -    > {
   >   "jsonrpc": "2.0",
   >   "id": 710,
   >   "method": "eth_getTransactionCount",
   >   "params": [
   >     "0xdaef538e099d557da81131840fc1babc40e01c5c",
   >     "latest"
   >   ],
   >   "internal": true
   > }
[2022/12/26 13:40:55.443] -  <   {
 <     "id": 703,
 <     "jsonrpc": "2.0",
 <     "result": "0x56bc75e2d63100000"
 <   }
[2022/12/26 13:40:55.443] - eth_getBalance
[2022/12/26 13:40:55.443] -    > {
   >   "jsonrpc": "2.0",
   >   "id": 711,
   >   "method": "eth_getBalance",
   >   "params": [
   >     "0x060cde82a135d4e2c410432a7875df2c8cffbf5f",
   >     "latest"
   >   ],
   >   "internal": true
   > }
[2022/12/26 13:40:55.445] -  <   {
 <     "id": 704,
 <     "jsonrpc": "2.0",
 <     "result": "0x0"
 <   }
[2022/12/26 13:40:55.445] - eth_getTransactionCount
[2022/12/26 13:40:55.446] -    > {
   >   "jsonrpc": "2.0",
   >   "id": 712,
   >   "method": "eth_getTransactionCount",
   >   "params": [
   >     "0x060cde82a135d4e2c410432a7875df2c8cffbf5f",
   >     "latest"
   >   ],
   >   "internal": true
   > }
[2022/12/26 13:40:55.447] -  <   {
 <     "id": 705,
 <     "jsonrpc": "2.0",
 <     "result": "0x56bc75e2d63100000"
 <   }
[2022/12/26 13:40:55.448] - eth_getBalance
[2022/12/26 13:40:55.448] -    > {
   >   "jsonrpc": "2.0",
   >   "id": 713,
   >   "method": "eth_getBalance",
   >   "params": [
   >     "0xa15d03479253b115611c34d5392fc026c8d1b9af",
   >     "latest"
   >   ],
   >   "internal": true
   > }
[2022/12/26 13:40:55.449] -  <   {
 <     "id": 706,
 <     "jsonrpc": "2.0",
 <     "result": "0x0"
 <   }
[2022/12/26 13:40:55.450] - eth_getTransactionCount
[2022/12/26 13:40:55.450] -    > {
   >   "jsonrpc": "2.0",
   >   "id": 714,
   >   "method": "eth_getTransactionCount",
   >   "params": [
   >     "0xa15d03479253b115611c34d5392fc026c8d1b9af",
   >     "latest"
   >   ],
   >   "internal": true
   > }
[2022/12/26 13:40:55.452] -  <   {
 <     "id": 707,
 <     "jsonrpc": "2.0",
 <     "result": "0x56bc75e2d63100000"
 <   }
[2022/12/26 13:40:55.452] - eth_getBalance
[2022/12/26 13:40:55.452] -    > {
   >   "jsonrpc": "2.0",
   >   "id": 715,
   >   "method": "eth_getBalance",
   >   "params": [
   >     "0xec5e67874fee268113f2f6cc55b4aac75c0ad455",
   >     "latest"
   >   ],
   >   "internal": true
   > }
[2022/12/26 13:40:55.454] -  <   {
 <     "id": 708,
 <     "jsonrpc": "2.0",
 <     "result": "0x0"
 <   }
[2022/12/26 13:40:55.455] - eth_getTransactionCount
[2022/12/26 13:40:55.455] -    > {
   >   "jsonrpc": "2.0",
   >   "id": 716,
   >   "method": "eth_getTransactionCount",
   >   "params": [
   >     "0xec5e67874fee268113f2f6cc55b4aac75c0ad455",
   >     "latest"
   >   ],
   >   "internal": true
   > }
[2022/12/26 13:40:55.456] -  <   {
 <     "id": 709,
 <     "jsonrpc": "2.0",
 <     "result": "0x56bc75e2d63100000"
 <   }
[2022/12/26 13:40:55.457] - eth_getBalance
[2022/12/26 13:40:55.457] -    > {
   >   "jsonrpc": "2.0",
   >   "id": 717,
   >   "method": "eth_getBalance",
   >   "params": [
   >     "0xaa3ed24798ea08ffdeaa816fde83a4c62f9ae4e4",
   >     "latest"
   >   ],
   >   "internal": true
   > }
[2022/12/26 13:40:55.460] -  <   {
 <     "id": 710,
 <     "jsonrpc": "2.0",
 <     "result": "0x0"
 <   }
[2022/12/26 13:40:55.461] - eth_getTransactionCount
[2022/12/26 13:40:55.462] -    > {
   >   "jsonrpc": "2.0",
   >   "id": 718,
   >   "method": "eth_getTransactionCount",
   >   "params": [
   >     "0xaa3ed24798ea08ffdeaa816fde83a4c62f9ae4e4",
   >     "latest"
   >   ],
   >   "internal": true
   > }
[2022/12/26 13:40:55.466] -  <   {
 <     "id": 711,
 <     "jsonrpc": "2.0",
 <     "result": "0x56bc75e2d63100000"
 <   }
[2022/12/26 13:40:55.466] - eth_getBalance
[2022/12/26 13:40:55.466] -    > {
   >   "jsonrpc": "2.0",
   >   "id": 719,
   >   "method": "eth_getBalance",
   >   "params": [
   >     "0x1f1c0abfcec0d0d3f92b152fa0f3bbbd147f2367",
   >     "latest"
   >   ],
   >   "internal": true
   > }
[2022/12/26 13:40:55.467] - eth_getTransactionCount
[2022/12/26 13:40:55.467] -    > {
   >   "jsonrpc": "2.0",
   >   "id": 720,
   >   "method": "eth_getTransactionCount",
   >   "params": [
   >     "0x1f1c0abfcec0d0d3f92b152fa0f3bbbd147f2367",
   >     "latest"
   >   ],
   >   "internal": true
   > }
[2022/12/26 13:40:55.468] -  <   {
 <     "id": 712,
 <     "jsonrpc": "2.0",
 <     "result": "0x0"
 <   }
[2022/12/26 13:40:55.468] - eth_getBalance
[2022/12/26 13:40:55.469] -    > {
   >   "jsonrpc": "2.0",
   >   "id": 721,
   >   "method": "eth_getBalance",
   >   "params": [
   >     "0x523c6dc414a81f772c8dbb291c6f35d5555055f9",
   >     "latest"
   >   ],
   >   "internal": true
   > }
[2022/12/26 13:40:55.470] - eth_getTransactionCount
[2022/12/26 13:40:55.470] -    > {
   >   "jsonrpc": "2.0",
   >   "id": 722,
   >   "method": "eth_getTransactionCount",
   >   "params": [
   >     "0x523c6dc414a81f772c8dbb291c6f35d5555055f9",
   >     "latest"
   >   ],
   >   "internal": true
   > }
[2022/12/26 13:40:55.471] -  <   {
 <     "id": 713,
 <     "jsonrpc": "2.0",
 <     "result": "0x56bc75e2d63100000"
 <   }
[2022/12/26 13:40:55.476] -  <   {
 <     "id": 714,
 <     "jsonrpc": "2.0",
 <     "result": "0x0"
 <   }
[2022/12/26 13:40:55.488] -  <   {
 <     "id": 715,
 <     "jsonrpc": "2.0",
 <     "result": "0x56bc75e2d63100000"
 <   }
[2022/12/26 13:40:55.488] - eth_getTransactionCount
[2022/12/26 13:40:55.489] -    > {
   >   "jsonrpc": "2.0",
   >   "id": 724,
   >   "method": "eth_getTransactionCount",
   >   "params": [
   >     "0x6df053ee2b260b9a533199bc355c46cbbfa71e6e",
   >     "latest"
   >   ],
   >   "internal": true
   > }
[2022/12/26 13:40:55.491] -  <   {
 <     "id": 716,
 <     "jsonrpc": "2.0",
 <     "result": "0x0"
 <   }
[2022/12/26 13:40:55.507] -  <   {
 <     "id": 717,
 <     "jsonrpc": "2.0",
 <     "result": "0x56bc75e2d63100000"
 <   }
[2022/12/26 13:40:55.514] -  <   {
 <     "id": 718,
 <     "jsonrpc": "2.0",
 <     "result": "0x0"
 <   }
[2022/12/26 13:40:55.515] - eth_getBalance
[2022/12/26 13:40:55.515] -    > {
   >   "jsonrpc": "2.0",
   >   "id": 725,
   >   "method": "eth_getBalance",
   >   "params": [
   >     "0xfa93b1b0436a0bb22d84c0bcaf6e5c32755137c8",
   >     "latest"
   >   ],
   >   "internal": true
   > }
[2022/12/26 13:40:55.518] -  <   {
 <     "id": 719,
 <     "jsonrpc": "2.0",
 <     "result": "0x56bc75e2d63100000"
 <   }
[2022/12/26 13:40:55.519] - eth_getTransactionCount
[2022/12/26 13:40:55.520] -    > {
   >   "jsonrpc": "2.0",
   >   "id": 726,
   >   "method": "eth_getTransactionCount",
   >   "params": [
   >     "0xfa93b1b0436a0bb22d84c0bcaf6e5c32755137c8",
   >     "latest"
   >   ],
   >   "internal": true
   > }
[2022/12/26 13:40:55.524] -  <   {
 <     "id": 720,
 <     "jsonrpc": "2.0",
 <     "result": "0x0"
 <   }
[2022/12/26 13:40:55.527] - eth_getBalance
[2022/12/26 13:40:55.527] -    > {
   >   "jsonrpc": "2.0",
   >   "id": 727,
   >   "method": "eth_getBalance",
   >   "params": [
   >     "0x7772047a0d02bbdfd750b10acc636f44c118ed96",
   >     "latest"
   >   ],
   >   "internal": true
   > }
[2022/12/26 13:40:55.531] -  <   {
 <     "id": 721,
 <     "jsonrpc": "2.0",
 <     "result": "0x56bc75e2d63100000"
 <   }
[2022/12/26 13:40:55.532] - eth_getTransactionCount
[2022/12/26 13:40:55.532] -    > {
   >   "jsonrpc": "2.0",
   >   "id": 728,
   >   "method": "eth_getTransactionCount",
   >   "params": [
   >     "0x7772047a0d02bbdfd750b10acc636f44c118ed96",
   >     "latest"
   >   ],
   >   "internal": true
   > }
[2022/12/26 13:40:55.536] -  <   {
 <     "id": 722,
 <     "jsonrpc": "2.0",
 <     "result": "0x0"
 <   }
[2022/12/26 13:40:55.536] - eth_getBalance
[2022/12/26 13:40:55.536] -    > {
   >   "jsonrpc": "2.0",
   >   "id": 729,
   >   "method": "eth_getBalance",
   >   "params": [
   >     "0xdaef538e099d557da81131840fc1babc40e01c5c",
   >     "latest"
   >   ],
   >   "internal": true
   > }
[2022/12/26 13:40:55.540] -  <   {
 <     "id": 724,
 <     "jsonrpc": "2.0",
 <     "result": "0x0"
 <   }
[2022/12/26 13:40:55.541] - eth_getTransactionCount
[2022/12/26 13:40:55.541] -    > {
   >   "jsonrpc": "2.0",
   >   "id": 730,
   >   "method": "eth_getTransactionCount",
   >   "params": [
   >     "0xdaef538e099d557da81131840fc1babc40e01c5c",
   >     "latest"
   >   ],
   >   "internal": true
   > }
[2022/12/26 13:40:55.544] -  <   {
 <     "id": 725,
 <     "jsonrpc": "2.0",
 <     "result": "0x56bc75e2d63100000"
 <   }
[2022/12/26 13:40:55.544] - eth_getBalance
[2022/12/26 13:40:55.545] -    > {
   >   "jsonrpc": "2.0",
   >   "id": 731,
   >   "method": "eth_getBalance",
   >   "params": [
   >     "0x060cde82a135d4e2c410432a7875df2c8cffbf5f",
   >     "latest"
   >   ],
   >   "internal": true
   > }
[2022/12/26 13:40:55.548] -  <   {
 <     "id": 726,
 <     "jsonrpc": "2.0",
 <     "result": "0x0"
 <   }
[2022/12/26 13:40:55.548] - eth_getTransactionCount
[2022/12/26 13:40:55.548] -    > {
   >   "jsonrpc": "2.0",
   >   "id": 732,
   >   "method": "eth_getTransactionCount",
   >   "params": [
   >     "0x060cde82a135d4e2c410432a7875df2c8cffbf5f",
   >     "latest"
   >   ],
   >   "internal": true
   > }
[2022/12/26 13:40:55.552] -  <   {
 <     "id": 727,
 <     "jsonrpc": "2.0",
 <     "result": "0x56bc75e2d63100000"
 <   }
[2022/12/26 13:40:55.553] - eth_getBalance
[2022/12/26 13:40:55.553] -    > {
   >   "jsonrpc": "2.0",
   >   "id": 733,
   >   "method": "eth_getBalance",
   >   "params": [
   >     "0xa15d03479253b115611c34d5392fc026c8d1b9af",
   >     "latest"
   >   ],
   >   "internal": true
   > }
[2022/12/26 13:40:55.557] -  <   {
 <     "id": 728,
 <     "jsonrpc": "2.0",
 <     "result": "0x0"
 <   }
[2022/12/26 13:40:55.558] - eth_getTransactionCount
[2022/12/26 13:40:55.558] -    > {
   >   "jsonrpc": "2.0",
   >   "id": 734,
   >   "method": "eth_getTransactionCount",
   >   "params": [
   >     "0xa15d03479253b115611c34d5392fc026c8d1b9af",
   >     "latest"
   >   ],
   >   "internal": true
   > }
[2022/12/26 13:40:55.562] -  <   {
 <     "id": 729,
 <     "jsonrpc": "2.0",
 <     "result": "0x56bc75e2d63100000"
 <   }
[2022/12/26 13:40:55.562] - eth_getBalance
[2022/12/26 13:40:55.562] -    > {
   >   "jsonrpc": "2.0",
   >   "id": 735,
   >   "method": "eth_getBalance",
   >   "params": [
   >     "0xec5e67874fee268113f2f6cc55b4aac75c0ad455",
   >     "latest"
   >   ],
   >   "internal": true
   > }
[2022/12/26 13:40:55.566] -  <   {
 <     "id": 730,
 <     "jsonrpc": "2.0",
 <     "result": "0x0"
 <   }
[2022/12/26 13:40:55.567] - eth_getTransactionCount
[2022/12/26 13:40:55.567] -    > {
   >   "jsonrpc": "2.0",
   >   "id": 736,
   >   "method": "eth_getTransactionCount",
   >   "params": [
   >     "0xec5e67874fee268113f2f6cc55b4aac75c0ad455",
   >     "latest"
   >   ],
   >   "internal": true
   > }
[2022/12/26 13:40:55.570] -  <   {
 <     "id": 731,
 <     "jsonrpc": "2.0",
 <     "result": "0x56bc75e2d63100000"
 <   }
[2022/12/26 13:40:55.573] -  <   {
 <     "id": 732,
 <     "jsonrpc": "2.0",
 <     "result": "0x0"
 <   }
[2022/12/26 13:40:55.573] - eth_getBalance
[2022/12/26 13:40:55.573] -    > {
   >   "jsonrpc": "2.0",
   >   "id": 737,
   >   "method": "eth_getBalance",
   >   "params": [
   >     "0xaa3ed24798ea08ffdeaa816fde83a4c62f9ae4e4",
   >     "latest"
   >   ],
   >   "internal": true
   > }
[2022/12/26 13:40:55.577] -  <   {
 <     "id": 733,
 <     "jsonrpc": "2.0",
 <     "result": "0x56bc75e2d63100000"
 <   }
[2022/12/26 13:40:55.578] - eth_getTransactionCount
[2022/12/26 13:40:55.578] -    > {
   >   "jsonrpc": "2.0",
   >   "id": 738,
   >   "method": "eth_getTransactionCount",
   >   "params": [
   >     "0xaa3ed24798ea08ffdeaa816fde83a4c62f9ae4e4",
   >     "latest"
   >   ],
   >   "internal": true
   > }
[2022/12/26 13:40:55.581] -  <   {
 <     "id": 734,
 <     "jsonrpc": "2.0",
 <     "result": "0x0"
 <   }
[2022/12/26 13:40:55.581] - eth_getBalance
[2022/12/26 13:40:55.582] -    > {
   >   "jsonrpc": "2.0",
   >   "id": 739,
   >   "method": "eth_getBalance",
   >   "params": [
   >     "0x1f1c0abfcec0d0d3f92b152fa0f3bbbd147f2367",
   >     "latest"
   >   ],
   >   "internal": true
   > }
[2022/12/26 13:40:55.586] -  <   {
 <     "id": 735,
 <     "jsonrpc": "2.0",
 <     "result": "0x56bc75e2d63100000"
 <   }
[2022/12/26 13:40:55.596] -  <   {
 <     "id": 736,
 <     "jsonrpc": "2.0",
 <     "result": "0x0"
 <   }
[2022/12/26 13:40:55.597] - eth_getTransactionCount
[2022/12/26 13:40:55.597] -    > {
   >   "jsonrpc": "2.0",
   >   "id": 740,
   >   "method": "eth_getTransactionCount",
   >   "params": [
   >     "0x1f1c0abfcec0d0d3f92b152fa0f3bbbd147f2367",
   >     "latest"
   >   ],
   >   "internal": true
   > }
[2022/12/26 13:40:55.603] -  <   {
 <     "id": 737,
 <     "jsonrpc": "2.0",
 <     "result": "0x56bc75e2d63100000"
 <   }
[2022/12/26 13:40:55.612] -  <   {
 <     "id": 738,
 <     "jsonrpc": "2.0",
 <     "result": "0x0"
 <   }
[2022/12/26 13:40:55.613] - eth_getBalance
[2022/12/26 13:40:55.613] -    > {
   >   "jsonrpc": "2.0",
   >   "id": 741,
   >   "method": "eth_getBalance",
   >   "params": [
   >     "0x523c6dc414a81f772c8dbb291c6f35d5555055f9",
   >     "latest"
   >   ],
   >   "internal": true
   > }
[2022/12/26 13:40:55.618] -  <   {
 <     "id": 739,
 <     "jsonrpc": "2.0",
 <     "result": "0x56bc75e2d63100000"
 <   }
[2022/12/26 13:40:55.619] - eth_getTransactionCount
[2022/12/26 13:40:55.619] -    > {
   >   "jsonrpc": "2.0",
   >   "id": 742,
   >   "method": "eth_getTransactionCount",
   >   "params": [
   >     "0x523c6dc414a81f772c8dbb291c6f35d5555055f9",
   >     "latest"
   >   ],
   >   "internal": true
   > }
[2022/12/26 13:40:55.634] -  <   {
 <     "id": 740,
 <     "jsonrpc": "2.0",
 <     "result": "0x0"
 <   }
[2022/12/26 13:40:55.651] -  <   {
 <     "id": 741,
 <     "jsonrpc": "2.0",
 <     "result": "0x56bc75e2d63100000"
 <   }
[2022/12/26 13:40:55.666] -  <   {
 <     "id": 742,
 <     "jsonrpc": "2.0",
 <     "result": "0x0"
 <   }
[2022/12/26 13:41:48.368] - eth_unsubscribe
[2022/12/26 13:41:48.368] -    > {
   >   "jsonrpc": "2.0",
   >   "id": 63,
   >   "method": "eth_unsubscribe",
   >   "params": [
   >     "0x3"
   >   ]
   > }
[2022/12/26 13:41:48.368] - eth_unsubscribe
[2022/12/26 13:41:48.368] -    > {
   >   "jsonrpc": "2.0",
   >   "id": 64,
   >   "method": "eth_unsubscribe",
   >   "params": [
   >     "0x4"
   >   ]
   > }
[2022/12/26 13:41:48.372] -  <   {
 <     "id": 63,
 <     "jsonrpc": "2.0",
 <     "result": true
 <   }
[2022/12/26 13:41:48.375] -    > {
   >   "jsonrpc": "2.0",
   >   "method": "eth_unsubscribe",
   >   "params": [
   >     "0x6"
   >   ],
   >   "id": 1672040508375
   > }
[2022/12/26 13:41:48.375] -    > {
   >   "jsonrpc": "2.0",
   >   "method": "eth_unsubscribe",
   >   "params": [
   >     "0x4"
   >   ],
   >   "id": 1672040508375
   > }
[2022/12/26 13:41:48.375] -    > {
   >   "jsonrpc": "2.0",
   >   "method": "eth_unsubscribe",
   >   "params": [
   >     "0x5"
   >   ],
   >   "id": 1672040508375
   > }
[2022/12/26 13:41:48.376] -    > {
   >   "jsonrpc": "2.0",
   >   "method": "eth_unsubscribe",
   >   "params": [
   >     "0x1"
   >   ],
   >   "id": 1672040508376
   > }
[2022/12/26 13:41:48.376] -    > {
   >   "jsonrpc": "2.0",
   >   "method": "eth_unsubscribe",
   >   "params": [
   >     "0x2"
   >   ],
   >   "id": 1672040508376
   > }
[2022/12/26 13:41:48.376] -  <   {
 <     "id": 64,
 <     "jsonrpc": "2.0",
 <     "result": true
 <   }
[2022/12/26 13:41:48.387] -  <   {
 <     "id": 1672040508375,
 <     "jsonrpc": "2.0",
 <     "result": true
 <   }
[2022/12/26 13:41:48.396] -  <   {
 <     "id": 1672040508375,
 <     "jsonrpc": "2.0",
 <     "error": {
 <       "message": "Subscription ID 0x4 not found.",
 <       "code": -32000,
 <       "data": {
 <         "stack": "Error: Subscription ID 0x4 not found.\n    at SubscriptionSubprovider.eth_unsubscribe (C:\\Program Files\\WindowsApps\\GanacheUI_2.5.4.0_x64__5dg5pnz03psnj\\app\\resources\\static\\node\\node_modules\\ganache-core\\node_modules\\web3-provider-engine\\subproviders\\subscriptions.js:78:8)\n    at SubscriptionSubprovider.handleRequest (C:\\Program Files\\WindowsApps\\GanacheUI_2.5.4.0_x64__5dg5pnz03psnj\\app\\resources\\static\\node\\node_modules\\ganache-core\\node_modules\\web3-provider-engine\\subproviders\\subscriptions.js:134:12)\n    at next (C:\\Program Files\\WindowsApps\\GanacheUI_2.5.4.0_x64__5dg5pnz03psnj\\app\\resources\\static\\node\\node_modules\\ganache-core\\node_modules\\web3-provider-engine\\index.js:136:18)\n    at DelayedBlockFilter.handleRequest (C:\\Program Files\\WindowsApps\\GanacheUI_2.5.4.0_x64__5dg5pnz03psnj\\app\\resources\\static\\node\\node_modules\\ganache-core\\lib\\subproviders\\delayedblockfilter.js:31:3)\n    at next (C:\\Program Files\\WindowsApps\\GanacheUI_2.5.4.0_x64__5dg5pnz03psnj\\app\\resources\\static\\node\\node_modules\\ganache-core\\node_modules\\web3-provider-engine\\index.js:136:18)\n    at RequestFunnel.handleRequest (C:\\Program Files\\WindowsApps\\GanacheUI_2.5.4.0_x64__5dg5pnz03psnj\\app\\resources\\static\\node\\node_modules\\ganache-core\\lib\\subproviders\\requestfunnel.js:32:12)\n    at next (C:\\Program Files\\WindowsApps\\GanacheUI_2.5.4.0_x64__5dg5pnz03psnj\\app\\resources\\static\\node\\node_modules\\ganache-core\\node_modules\\web3-provider-engine\\index.js:136:18)\n    at Web3ProviderEngine._handleAsync (C:\\Program Files\\WindowsApps\\GanacheUI_2.5.4.0_x64__5dg5pnz03psnj\\app\\resources\\static\\node\\node_modules\\ganache-core\\node_modules\\web3-provider-engine\\index.js:123:3)\n    at Timeout._onTimeout (C:\\Program Files\\WindowsApps\\GanacheUI_2.5.4.0_x64__5dg5pnz03psnj\\app\\resources\\static\\node\\node_modules\\ganache-core\\node_modules\\web3-provider-engine\\index.js:107:12)\n    at listOnTimeout (internal/timers.js:531:17)\n    at processTimers (internal/timers.js:475:7)",
 <         "name": "Error"
 <       }
 <     }
 <   }
[2022/12/26 13:41:48.398] -  <   {
 <     "id": 1672040508375,
 <     "jsonrpc": "2.0",
 <     "result": true
 <   }
