[2022/12/26 13:30:40.322] - Starting server with initial configuration: {"gasLimit":6721975,"gasPrice":20000000000,"hardfork":"muirGlacier","hostname":"127.0.0.1","port":8545,"network_id":1337,"default_balance_ether":100,"total_accounts":10,"unlocked_accounts":[],"locked":false,"vmErrorsOnRPCResponse":true,"verbose":true,"db_path":"C:\\Users\\msmas\\AppData\\Roaming\\Ganache\\workspaces\\Quickstart\\chaindata","logDirectory":"D:\\intellijproject\\ethreumdapp\\ethreumdapp\\bin\\src\\main\\resources\\smart_contract\\ganache logging"}
[2022/12/26 13:30:40.625] - eth_subscribe
[2022/12/26 13:30:40.625] -    > {
   >   "jsonrpc": "2.0",
   >   "id": 9,
   >   "method": "eth_subscribe",
   >   "params": [
   >     "newHeads"
   >   ]
   > }
[2022/12/26 13:30:40.626] - eth_getLogs
[2022/12/26 13:30:40.627] -    > {
   >   "jsonrpc": "2.0",
   >   "id": 10,
   >   "method": "eth_getLogs",
   >   "params": [
   >     {
   >       "topics": []
   >     }
   >   ]
   > }
[2022/12/26 13:30:40.629] - eth_subscribe
[2022/12/26 13:30:40.630] -    > {
   >   "jsonrpc": "2.0",
   >   "id": 11,
   >   "method": "eth_subscribe",
   >   "params": [
   >     "logs",
   >     {
   >       "topics": []
   >     }
   >   ]
   > }
[2022/12/26 13:30:40.630] -  <   {
 <     "id": 9,
 <     "jsonrpc": "2.0",
 <     "result": "0x1"
 <   }
[2022/12/26 13:30:40.641] -  <   {
 <     "id": 10,
 <     "jsonrpc": "2.0",
 <     "result": []
 <   }
[2022/12/26 13:30:40.644] -  <   {
 <     "id": 11,
 <     "jsonrpc": "2.0",
 <     "result": "0x2"
 <   }
[2022/12/26 13:30:40.657] - eth_subscribe
[2022/12/26 13:30:40.657] -    > {
   >   "jsonrpc": "2.0",
   >   "id": 12,
   >   "method": "eth_subscribe",
   >   "params": [
   >     "newHeads"
   >   ]
   > }
[2022/12/26 13:30:40.658] - eth_getLogs
[2022/12/26 13:30:40.658] -    > {
   >   "jsonrpc": "2.0",
   >   "id": 13,
   >   "method": "eth_getLogs",
   >   "params": [
   >     {
   >       "topics": []
   >     }
   >   ]
   > }
[2022/12/26 13:30:40.659] - eth_subscribe
[2022/12/26 13:30:40.659] -    > {
   >   "jsonrpc": "2.0",
   >   "id": 14,
   >   "method": "eth_subscribe",
   >   "params": [
   >     "logs",
   >     {
   >       "topics": []
   >     }
   >   ]
   > }
[2022/12/26 13:30:40.660] -  <   {
 <     "id": 12,
 <     "jsonrpc": "2.0",
 <     "result": "0x3"
 <   }
[2022/12/26 13:30:40.674] -  <   {
 <     "id": 13,
 <     "jsonrpc": "2.0",
 <     "result": []
 <   }
[2022/12/26 13:30:40.689] -  <   {
 <     "id": 14,
 <     "jsonrpc": "2.0",
 <     "result": "0x4"
 <   }
[2022/12/26 13:30:40.802] - eth_blockNumber
[2022/12/26 13:30:40.803] -    > {
   >   "jsonrpc": "2.0",
   >   "id": 98,
   >   "method": "eth_blockNumber",
   >   "params": [],
   >   "internal": true
   > }
[2022/12/26 13:30:40.803] - eth_accounts
[2022/12/26 13:30:40.803] -    > {
   >   "jsonrpc": "2.0",
   >   "id": 99,
   >   "method": "eth_accounts",
   >   "params": [],
   >   "internal": true
   > }
[2022/12/26 13:30:40.804] - eth_gasPrice
[2022/12/26 13:30:40.804] -    > {
   >   "jsonrpc": "2.0",
   >   "id": 100,
   >   "method": "eth_gasPrice",
   >   "params": [],
   >   "internal": true
   > }
[2022/12/26 13:30:40.804] -  <   {
 <     "id": 98,
 <     "jsonrpc": "2.0",
 <     "result": "0x0"
 <   }
[2022/12/26 13:30:40.805] - eth_getBlockByNumber
[2022/12/26 13:30:40.805] -    > {
   >   "jsonrpc": "2.0",
   >   "id": 101,
   >   "method": "eth_getBlockByNumber",
   >   "params": [
   >     "latest",
   >     false
   >   ],
   >   "internal": true
   > }
[2022/12/26 13:30:40.805] - eth_subscribe
[2022/12/26 13:30:40.805] -    > {
   >   "jsonrpc": "2.0",
   >   "id": 102,
   >   "method": "eth_subscribe",
   >   "params": [
   >     "newHeads"
   >   ],
   >   "internal": true
   > }
[2022/12/26 13:30:40.806] -  <   {
 <     "id": 99,
 <     "jsonrpc": "2.0",
 <     "result": [
 <       "0x26933b514554a4060e7f18de349ec8a77bde92d7",
 <       "0x297ece09fd5c1b80485fa7013f89194ff8307bb1",
 <       "0x318958accf0bf0c6240946342fe686e357c5cc76",
 <       "0x3f97457c060dda082fddbccc3aca5131a599a2be",
 <       "0x3629f770cc7c9e3c0106a67413641c78e6b4fea4",
 <       "0x2da8634f934820baf2f995033e5541129619ec1a",
 <       "0x8efeaa01e339355288c2fdd29ccd0826f83e862e",
 <       "0x478378ebda875c38aacd1b85366d57767dffa4bb",
 <       "0xad84987be0a906e3cf714f196d2a961a130be677",
 <       "0xe0a6fe1e04d7511ac18b6e15abc491e7216fed8f"
 <     ]
 <   }
[2022/12/26 13:30:40.807] -  <   {
 <     "id": 100,
 <     "jsonrpc": "2.0",
 <     "result": "0x4a817c800"
 <   }
[2022/12/26 13:30:40.807] - eth_blockNumber
[2022/12/26 13:30:40.807] -    > {
   >   "jsonrpc": "2.0",
   >   "id": 93,
   >   "method": "eth_blockNumber",
   >   "params": [],
   >   "internal": true
   > }
[2022/12/26 13:30:40.808] - eth_accounts
[2022/12/26 13:30:40.808] -    > {
   >   "jsonrpc": "2.0",
   >   "id": 94,
   >   "method": "eth_accounts",
   >   "params": [],
   >   "internal": true
   > }
[2022/12/26 13:30:40.809] -  <   {
 <     "id": 101,
 <     "jsonrpc": "2.0",
 <     "result": {
 <       "number": "0x0",
 <       "hash": "0xb1a218c5fdff35062375ec944407eb7f094ac51b1a534f5df270d72795d22e9b",
 <       "parentHash": "0x0000000000000000000000000000000000000000000000000000000000000000",
 <       "mixHash": "0x0000000000000000000000000000000000000000000000000000000000000000",
 <       "nonce": "0x0000000000000000",
 <       "sha3Uncles": "0x1dcc4de8dec75d7aab85b567b6ccd41ad312451b948a7413f0a142fd40d49347",
 <       "logsBloom": "0x00000000000000000000000000000000000000000000000000000000000000000000000000000000000000000000000000000000000000000000000000000000000000000000000000000000000000000000000000000000000000000000000000000000000000000000000000000000000000000000000000000000000000000000000000000000000000000000000000000000000000000000000000000000000000000000000000000000000000000000000000000000000000000000000000000000000000000000000000000000000000000000000000000000000000000000000000000000000000000000000000000000000000000000000000000000",
 <       "transactionsRoot": "0x56e81f171bcc55a6ff8345e692c0f86e5b48e01b996cadc001622fb5e363b421",
 <       "stateRoot": "0x7b238a32d7598320dad8b3a52cebf6e6b15b72812bf3e74c3b774023de0a5107",
 <       "receiptsRoot": "0x56e81f171bcc55a6ff8345e692c0f86e5b48e01b996cadc001622fb5e363b421",
 <       "miner": "0x0000000000000000000000000000000000000000",
 <       "difficulty": "0x0",
 <       "totalDifficulty": "0x0",
 <       "extraData": "0x",
 <       "size": "0x3e8",
 <       "gasLimit": "0x6691b7",
 <       "gasUsed": "0x0",
 <       "timestamp": "0x63a94da0",
 <       "transactions": [],
 <       "uncles": []
 <     }
 <   }
[2022/12/26 13:30:40.810] - eth_gasPrice
[2022/12/26 13:30:40.810] -    > {
   >   "jsonrpc": "2.0",
   >   "id": 95,
   >   "method": "eth_gasPrice",
   >   "params": [],
   >   "internal": true
   > }
[2022/12/26 13:30:40.811] - eth_getBlockByNumber
[2022/12/26 13:30:40.812] -    > {
   >   "jsonrpc": "2.0",
   >   "id": 96,
   >   "method": "eth_getBlockByNumber",
   >   "params": [
   >     "latest",
   >     false
   >   ],
   >   "internal": true
   > }
[2022/12/26 13:30:40.813] -  <   {
 <     "id": 102,
 <     "jsonrpc": "2.0",
 <     "result": "0x5"
 <   }
[2022/12/26 13:30:40.813] - eth_subscribe
[2022/12/26 13:30:40.814] -    > {
   >   "jsonrpc": "2.0",
   >   "id": 97,
   >   "method": "eth_subscribe",
   >   "params": [
   >     "newHeads"
   >   ],
   >   "internal": true
   > }
[2022/12/26 13:30:40.829] -  <   {
 <     "id": 93,
 <     "jsonrpc": "2.0",
 <     "result": "0x0"
 <   }
[2022/12/26 13:30:40.845] -  <   {
 <     "id": 94,
 <     "jsonrpc": "2.0",
 <     "result": [
 <       "0x26933b514554a4060e7f18de349ec8a77bde92d7",
 <       "0x297ece09fd5c1b80485fa7013f89194ff8307bb1",
 <       "0x318958accf0bf0c6240946342fe686e357c5cc76",
 <       "0x3f97457c060dda082fddbccc3aca5131a599a2be",
 <       "0x3629f770cc7c9e3c0106a67413641c78e6b4fea4",
 <       "0x2da8634f934820baf2f995033e5541129619ec1a",
 <       "0x8efeaa01e339355288c2fdd29ccd0826f83e862e",
 <       "0x478378ebda875c38aacd1b85366d57767dffa4bb",
 <       "0xad84987be0a906e3cf714f196d2a961a130be677",
 <       "0xe0a6fe1e04d7511ac18b6e15abc491e7216fed8f"
 <     ]
 <   }
[2022/12/26 13:30:40.861] -  <   {
 <     "id": 95,
 <     "jsonrpc": "2.0",
 <     "result": "0x4a817c800"
 <   }
[2022/12/26 13:30:40.877] -  <   {
 <     "id": 96,
 <     "jsonrpc": "2.0",
 <     "result": {
 <       "number": "0x0",
 <       "hash": "0xb1a218c5fdff35062375ec944407eb7f094ac51b1a534f5df270d72795d22e9b",
 <       "parentHash": "0x0000000000000000000000000000000000000000000000000000000000000000",
 <       "mixHash": "0x0000000000000000000000000000000000000000000000000000000000000000",
 <       "nonce": "0x0000000000000000",
 <       "sha3Uncles": "0x1dcc4de8dec75d7aab85b567b6ccd41ad312451b948a7413f0a142fd40d49347",
 <       "logsBloom": "0x00000000000000000000000000000000000000000000000000000000000000000000000000000000000000000000000000000000000000000000000000000000000000000000000000000000000000000000000000000000000000000000000000000000000000000000000000000000000000000000000000000000000000000000000000000000000000000000000000000000000000000000000000000000000000000000000000000000000000000000000000000000000000000000000000000000000000000000000000000000000000000000000000000000000000000000000000000000000000000000000000000000000000000000000000000000",
 <       "transactionsRoot": "0x56e81f171bcc55a6ff8345e692c0f86e5b48e01b996cadc001622fb5e363b421",
 <       "stateRoot": "0x7b238a32d7598320dad8b3a52cebf6e6b15b72812bf3e74c3b774023de0a5107",
 <       "receiptsRoot": "0x56e81f171bcc55a6ff8345e692c0f86e5b48e01b996cadc001622fb5e363b421",
 <       "miner": "0x0000000000000000000000000000000000000000",
 <       "difficulty": "0x0",
 <       "totalDifficulty": "0x0",
 <       "extraData": "0x",
 <       "size": "0x3e8",
 <       "gasLimit": "0x6691b7",
 <       "gasUsed": "0x0",
 <       "timestamp": "0x63a94da0",
 <       "transactions": [],
 <       "uncles": []
 <     }
 <   }
[2022/12/26 13:30:40.884] -  <   {
 <     "id": 97,
 <     "jsonrpc": "2.0",
 <     "result": "0x6"
 <   }
[2022/12/26 13:30:40.885] - eth_getBalance
[2022/12/26 13:30:40.885] -    > {
   >   "jsonrpc": "2.0",
   >   "id": 104,
   >   "method": "eth_getBalance",
   >   "params": [
   >     "0x26933b514554a4060e7f18de349ec8a77bde92d7",
   >     "latest"
   >   ],
   >   "internal": true
   > }
[2022/12/26 13:30:40.890] -  <   {
 <     "id": 104,
 <     "jsonrpc": "2.0",
 <     "result": "0x56bc75e2d63100000"
 <   }
[2022/12/26 13:30:40.891] - eth_getTransactionCount
[2022/12/26 13:30:40.891] -    > {
   >   "jsonrpc": "2.0",
   >   "id": 105,
   >   "method": "eth_getTransactionCount",
   >   "params": [
   >     "0x26933b514554a4060e7f18de349ec8a77bde92d7",
   >     "latest"
   >   ],
   >   "internal": true
   > }
[2022/12/26 13:30:40.894] -  <   {
 <     "id": 105,
 <     "jsonrpc": "2.0",
 <     "result": "0x0"
 <   }
[2022/12/26 13:30:40.901] - eth_getBalance
[2022/12/26 13:30:40.901] -    > {
   >   "jsonrpc": "2.0",
   >   "id": 106,
   >   "method": "eth_getBalance",
   >   "params": [
   >     "0x297ece09fd5c1b80485fa7013f89194ff8307bb1",
   >     "latest"
   >   ],
   >   "internal": true
   > }
[2022/12/26 13:30:40.905] -  <   {
 <     "id": 106,
 <     "jsonrpc": "2.0",
 <     "result": "0x56bc75e2d63100000"
 <   }
[2022/12/26 13:30:40.905] - eth_getTransactionCount
[2022/12/26 13:30:40.905] -    > {
   >   "jsonrpc": "2.0",
   >   "id": 107,
   >   "method": "eth_getTransactionCount",
   >   "params": [
   >     "0x297ece09fd5c1b80485fa7013f89194ff8307bb1",
   >     "latest"
   >   ],
   >   "internal": true
   > }
[2022/12/26 13:30:40.907] -  <   {
 <     "id": 107,
 <     "jsonrpc": "2.0",
 <     "result": "0x0"
 <   }
[2022/12/26 13:30:40.908] - eth_getBalance
[2022/12/26 13:30:40.908] -    > {
   >   "jsonrpc": "2.0",
   >   "id": 108,
   >   "method": "eth_getBalance",
   >   "params": [
   >     "0x318958accf0bf0c6240946342fe686e357c5cc76",
   >     "latest"
   >   ],
   >   "internal": true
   > }
[2022/12/26 13:30:40.909] -  <   {
 <     "id": 108,
 <     "jsonrpc": "2.0",
 <     "result": "0x56bc75e2d63100000"
 <   }
[2022/12/26 13:30:40.913] - eth_getTransactionCount
[2022/12/26 13:30:40.913] -    > {
   >   "jsonrpc": "2.0",
   >   "id": 109,
   >   "method": "eth_getTransactionCount",
   >   "params": [
   >     "0x318958accf0bf0c6240946342fe686e357c5cc76",
   >     "latest"
   >   ],
   >   "internal": true
   > }
[2022/12/26 13:30:40.921] -  <   {
 <     "id": 109,
 <     "jsonrpc": "2.0",
 <     "result": "0x0"
 <   }
[2022/12/26 13:30:40.922] - eth_getBalance
[2022/12/26 13:30:40.922] -    > {
   >   "jsonrpc": "2.0",
   >   "id": 110,
   >   "method": "eth_getBalance",
   >   "params": [
   >     "0x3f97457c060dda082fddbccc3aca5131a599a2be",
   >     "latest"
   >   ],
   >   "internal": true
   > }
[2022/12/26 13:30:40.923] - eth_getTransactionCount
[2022/12/26 13:30:40.924] -    > {
   >   "jsonrpc": "2.0",
   >   "id": 111,
   >   "method": "eth_getTransactionCount",
   >   "params": [
   >     "0x3f97457c060dda082fddbccc3aca5131a599a2be",
   >     "latest"
   >   ],
   >   "internal": true
   > }
[2022/12/26 13:30:40.925] -  <   {
 <     "id": 110,
 <     "jsonrpc": "2.0",
 <     "result": "0x56bc75e2d63100000"
 <   }
[2022/12/26 13:30:40.929] -  <   {
 <     "id": 111,
 <     "jsonrpc": "2.0",
 <     "result": "0x0"
 <   }
[2022/12/26 13:30:40.929] - eth_getBalance
[2022/12/26 13:30:40.930] -    > {
   >   "jsonrpc": "2.0",
   >   "id": 112,
   >   "method": "eth_getBalance",
   >   "params": [
   >     "0x3629f770cc7c9e3c0106a67413641c78e6b4fea4",
   >     "latest"
   >   ],
   >   "internal": true
   > }
[2022/12/26 13:30:40.932] -  <   {
 <     "id": 112,
 <     "jsonrpc": "2.0",
 <     "result": "0x56bc75e2d63100000"
 <   }
[2022/12/26 13:30:40.932] - eth_getTransactionCount
[2022/12/26 13:30:40.932] -    > {
   >   "jsonrpc": "2.0",
   >   "id": 113,
   >   "method": "eth_getTransactionCount",
   >   "params": [
   >     "0x3629f770cc7c9e3c0106a67413641c78e6b4fea4",
   >     "latest"
   >   ],
   >   "internal": true
   > }
[2022/12/26 13:30:40.934] -  <   {
 <     "id": 113,
 <     "jsonrpc": "2.0",
 <     "result": "0x0"
 <   }
[2022/12/26 13:30:40.935] - eth_getBalance
[2022/12/26 13:30:40.935] -    > {
   >   "jsonrpc": "2.0",
   >   "id": 114,
   >   "method": "eth_getBalance",
   >   "params": [
   >     "0x2da8634f934820baf2f995033e5541129619ec1a",
   >     "latest"
   >   ],
   >   "internal": true
   > }
[2022/12/26 13:30:40.938] -  <   {
 <     "id": 114,
 <     "jsonrpc": "2.0",
 <     "result": "0x56bc75e2d63100000"
 <   }
[2022/12/26 13:30:40.938] - eth_getTransactionCount
[2022/12/26 13:30:40.938] -    > {
   >   "jsonrpc": "2.0",
   >   "id": 115,
   >   "method": "eth_getTransactionCount",
   >   "params": [
   >     "0x2da8634f934820baf2f995033e5541129619ec1a",
   >     "latest"
   >   ],
   >   "internal": true
   > }
[2022/12/26 13:30:40.941] -  <   {
 <     "id": 115,
 <     "jsonrpc": "2.0",
 <     "result": "0x0"
 <   }
[2022/12/26 13:30:40.942] - eth_getBalance
[2022/12/26 13:30:40.942] -    > {
   >   "jsonrpc": "2.0",
   >   "id": 116,
   >   "method": "eth_getBalance",
   >   "params": [
   >     "0x8efeaa01e339355288c2fdd29ccd0826f83e862e",
   >     "latest"
   >   ],
   >   "internal": true
   > }
[2022/12/26 13:30:40.946] -  <   {
 <     "id": 116,
 <     "jsonrpc": "2.0",
 <     "result": "0x56bc75e2d63100000"
 <   }
[2022/12/26 13:30:40.947] - eth_getTransactionCount
[2022/12/26 13:30:40.947] -    > {
   >   "jsonrpc": "2.0",
   >   "id": 117,
   >   "method": "eth_getTransactionCount",
   >   "params": [
   >     "0x8efeaa01e339355288c2fdd29ccd0826f83e862e",
   >     "latest"
   >   ],
   >   "internal": true
   > }
[2022/12/26 13:30:40.951] -  <   {
 <     "id": 117,
 <     "jsonrpc": "2.0",
 <     "result": "0x0"
 <   }
[2022/12/26 13:30:40.958] - eth_getBalance
[2022/12/26 13:30:40.958] -    > {
   >   "jsonrpc": "2.0",
   >   "id": 118,
   >   "method": "eth_getBalance",
   >   "params": [
   >     "0x478378ebda875c38aacd1b85366d57767dffa4bb",
   >     "latest"
   >   ],
   >   "internal": true
   > }
[2022/12/26 13:30:40.959] - eth_getTransactionCount
[2022/12/26 13:30:40.959] -    > {
   >   "jsonrpc": "2.0",
   >   "id": 119,
   >   "method": "eth_getTransactionCount",
   >   "params": [
   >     "0x478378ebda875c38aacd1b85366d57767dffa4bb",
   >     "latest"
   >   ],
   >   "internal": true
   > }
[2022/12/26 13:30:40.959] - eth_getBalance
[2022/12/26 13:30:40.959] -    > {
   >   "jsonrpc": "2.0",
   >   "id": 120,
   >   "method": "eth_getBalance",
   >   "params": [
   >     "0xad84987be0a906e3cf714f196d2a961a130be677",
   >     "latest"
   >   ],
   >   "internal": true
   > }
[2022/12/26 13:30:40.960] -  <   {
 <     "id": 118,
 <     "jsonrpc": "2.0",
 <     "result": "0x56bc75e2d63100000"
 <   }
[2022/12/26 13:30:40.964] -  <   {
 <     "id": 119,
 <     "jsonrpc": "2.0",
 <     "result": "0x0"
 <   }
[2022/12/26 13:30:40.965] - eth_getTransactionCount
[2022/12/26 13:30:40.965] -    > {
   >   "jsonrpc": "2.0",
   >   "id": 121,
   >   "method": "eth_getTransactionCount",
   >   "params": [
   >     "0xad84987be0a906e3cf714f196d2a961a130be677",
   >     "latest"
   >   ],
   >   "internal": true
   > }
[2022/12/26 13:30:40.967] -  <   {
 <     "id": 120,
 <     "jsonrpc": "2.0",
 <     "result": "0x56bc75e2d63100000"
 <   }
[2022/12/26 13:30:40.968] - eth_getBalance
[2022/12/26 13:30:40.968] -    > {
   >   "jsonrpc": "2.0",
   >   "id": 122,
   >   "method": "eth_getBalance",
   >   "params": [
   >     "0xe0a6fe1e04d7511ac18b6e15abc491e7216fed8f",
   >     "latest"
   >   ],
   >   "internal": true
   > }
[2022/12/26 13:30:40.969] - eth_getTransactionCount
[2022/12/26 13:30:40.969] -    > {
   >   "jsonrpc": "2.0",
   >   "id": 123,
   >   "method": "eth_getTransactionCount",
   >   "params": [
   >     "0xe0a6fe1e04d7511ac18b6e15abc491e7216fed8f",
   >     "latest"
   >   ],
   >   "internal": true
   > }
[2022/12/26 13:30:40.970] -  <   {
 <     "id": 121,
 <     "jsonrpc": "2.0",
 <     "result": "0x0"
 <   }
[2022/12/26 13:30:40.971] - eth_getBalance
[2022/12/26 13:30:40.971] -    > {
   >   "jsonrpc": "2.0",
   >   "id": 124,
   >   "method": "eth_getBalance",
   >   "params": [
   >     "0x26933b514554a4060e7f18de349ec8a77bde92d7",
   >     "latest"
   >   ],
   >   "internal": true
   > }
[2022/12/26 13:30:40.973] -  <   {
 <     "id": 122,
 <     "jsonrpc": "2.0",
 <     "result": "0x56bc75e2d63100000"
 <   }
[2022/12/26 13:30:40.975] -  <   {
 <     "id": 123,
 <     "jsonrpc": "2.0",
 <     "result": "0x0"
 <   }
[2022/12/26 13:30:40.975] - eth_getTransactionCount
[2022/12/26 13:30:40.975] -    > {
   >   "jsonrpc": "2.0",
   >   "id": 125,
   >   "method": "eth_getTransactionCount",
   >   "params": [
   >     "0x26933b514554a4060e7f18de349ec8a77bde92d7",
   >     "latest"
   >   ],
   >   "internal": true
   > }
[2022/12/26 13:30:40.978] -  <   {
 <     "id": 124,
 <     "jsonrpc": "2.0",
 <     "result": "0x56bc75e2d63100000"
 <   }
[2022/12/26 13:30:40.978] - eth_getBalance
[2022/12/26 13:30:40.978] -    > {
   >   "jsonrpc": "2.0",
   >   "id": 126,
   >   "method": "eth_getBalance",
   >   "params": [
   >     "0x297ece09fd5c1b80485fa7013f89194ff8307bb1",
   >     "latest"
   >   ],
   >   "internal": true
   > }
[2022/12/26 13:30:40.980] - eth_getTransactionCount
[2022/12/26 13:30:40.981] -    > {
   >   "jsonrpc": "2.0",
   >   "id": 127,
   >   "method": "eth_getTransactionCount",
   >   "params": [
   >     "0x297ece09fd5c1b80485fa7013f89194ff8307bb1",
   >     "latest"
   >   ],
   >   "internal": true
   > }
[2022/12/26 13:30:40.984] -  <   {
 <     "id": 125,
 <     "jsonrpc": "2.0",
 <     "result": "0x0"
 <   }
[2022/12/26 13:30:40.985] - eth_getBalance
[2022/12/26 13:30:40.985] -    > {
   >   "jsonrpc": "2.0",
   >   "id": 128,
   >   "method": "eth_getBalance",
   >   "params": [
   >     "0x318958accf0bf0c6240946342fe686e357c5cc76",
   >     "latest"
   >   ],
   >   "internal": true
   > }
[2022/12/26 13:30:40.985] - eth_getTransactionCount
[2022/12/26 13:30:40.986] -    > {
   >   "jsonrpc": "2.0",
   >   "id": 129,
   >   "method": "eth_getTransactionCount",
   >   "params": [
   >     "0x318958accf0bf0c6240946342fe686e357c5cc76",
   >     "latest"
   >   ],
   >   "internal": true
   > }
[2022/12/26 13:30:40.987] -  <   {
 <     "id": 126,
 <     "jsonrpc": "2.0",
 <     "result": "0x56bc75e2d63100000"
 <   }
[2022/12/26 13:30:40.989] -  <   {
 <     "id": 127,
 <     "jsonrpc": "2.0",
 <     "result": "0x0"
 <   }
[2022/12/26 13:30:40.992] -  <   {
 <     "id": 128,
 <     "jsonrpc": "2.0",
 <     "result": "0x56bc75e2d63100000"
 <   }
[2022/12/26 13:30:40.992] - eth_getBalance
[2022/12/26 13:30:40.992] -    > {
   >   "jsonrpc": "2.0",
   >   "id": 130,
   >   "method": "eth_getBalance",
   >   "params": [
   >     "0x3f97457c060dda082fddbccc3aca5131a599a2be",
   >     "latest"
   >   ],
   >   "internal": true
   > }
[2022/12/26 13:30:40.993] - eth_getTransactionCount
[2022/12/26 13:30:40.993] -    > {
   >   "jsonrpc": "2.0",
   >   "id": 131,
   >   "method": "eth_getTransactionCount",
   >   "params": [
   >     "0x3f97457c060dda082fddbccc3aca5131a599a2be",
   >     "latest"
   >   ],
   >   "internal": true
   > }
[2022/12/26 13:30:40.993] - eth_getBalance
[2022/12/26 13:30:40.993] -    > {
   >   "jsonrpc": "2.0",
   >   "id": 132,
   >   "method": "eth_getBalance",
   >   "params": [
   >     "0x3629f770cc7c9e3c0106a67413641c78e6b4fea4",
   >     "latest"
   >   ],
   >   "internal": true
   > }
[2022/12/26 13:30:40.994] -  <   {
 <     "id": 129,
 <     "jsonrpc": "2.0",
 <     "result": "0x0"
 <   }
[2022/12/26 13:30:40.999] -  <   {
 <     "id": 130,
 <     "jsonrpc": "2.0",
 <     "result": "0x56bc75e2d63100000"
 <   }
[2022/12/26 13:30:41.000] - eth_getTransactionCount
[2022/12/26 13:30:41.000] -    > {
   >   "jsonrpc": "2.0",
   >   "id": 133,
   >   "method": "eth_getTransactionCount",
   >   "params": [
   >     "0x3629f770cc7c9e3c0106a67413641c78e6b4fea4",
   >     "latest"
   >   ],
   >   "internal": true
   > }
[2022/12/26 13:30:41.001] - eth_getBalance
[2022/12/26 13:30:41.001] -    > {
   >   "jsonrpc": "2.0",
   >   "id": 134,
   >   "method": "eth_getBalance",
   >   "params": [
   >     "0x2da8634f934820baf2f995033e5541129619ec1a",
   >     "latest"
   >   ],
   >   "internal": true
   > }
[2022/12/26 13:30:41.002] -  <   {
 <     "id": 131,
 <     "jsonrpc": "2.0",
 <     "result": "0x0"
 <   }
[2022/12/26 13:30:41.003] - eth_getTransactionCount
[2022/12/26 13:30:41.004] -    > {
   >   "jsonrpc": "2.0",
   >   "id": 135,
   >   "method": "eth_getTransactionCount",
   >   "params": [
   >     "0x2da8634f934820baf2f995033e5541129619ec1a",
   >     "latest"
   >   ],
   >   "internal": true
   > }
[2022/12/26 13:30:41.006] -  <   {
 <     "id": 132,
 <     "jsonrpc": "2.0",
 <     "result": "0x56bc75e2d63100000"
 <   }
[2022/12/26 13:30:41.007] -  <   {
 <     "id": 133,
 <     "jsonrpc": "2.0",
 <     "result": "0x0"
 <   }
[2022/12/26 13:30:41.008] - eth_getBalance
[2022/12/26 13:30:41.008] -    > {
   >   "jsonrpc": "2.0",
   >   "id": 136,
   >   "method": "eth_getBalance",
   >   "params": [
   >     "0x8efeaa01e339355288c2fdd29ccd0826f83e862e",
   >     "latest"
   >   ],
   >   "internal": true
   > }
[2022/12/26 13:30:41.010] -  <   {
 <     "id": 134,
 <     "jsonrpc": "2.0",
 <     "result": "0x56bc75e2d63100000"
 <   }
[2022/12/26 13:30:41.011] - eth_getTransactionCount
[2022/12/26 13:30:41.011] -    > {
   >   "jsonrpc": "2.0",
   >   "id": 137,
   >   "method": "eth_getTransactionCount",
   >   "params": [
   >     "0x8efeaa01e339355288c2fdd29ccd0826f83e862e",
   >     "latest"
   >   ],
   >   "internal": true
   > }
[2022/12/26 13:30:41.012] - eth_getBalance
[2022/12/26 13:30:41.013] -    > {
   >   "jsonrpc": "2.0",
   >   "id": 138,
   >   "method": "eth_getBalance",
   >   "params": [
   >     "0x478378ebda875c38aacd1b85366d57767dffa4bb",
   >     "latest"
   >   ],
   >   "internal": true
   > }
[2022/12/26 13:30:41.014] -  <   {
 <     "id": 135,
 <     "jsonrpc": "2.0",
 <     "result": "0x0"
 <   }
[2022/12/26 13:30:41.015] - eth_getTransactionCount
[2022/12/26 13:30:41.015] -    > {
   >   "jsonrpc": "2.0",
   >   "id": 139,
   >   "method": "eth_getTransactionCount",
   >   "params": [
   >     "0x478378ebda875c38aacd1b85366d57767dffa4bb",
   >     "latest"
   >   ],
   >   "internal": true
   > }
[2022/12/26 13:30:41.016] -  <   {
 <     "id": 136,
 <     "jsonrpc": "2.0",
 <     "result": "0x56bc75e2d63100000"
 <   }
[2022/12/26 13:30:41.020] -  <   {
 <     "id": 137,
 <     "jsonrpc": "2.0",
 <     "result": "0x0"
 <   }
[2022/12/26 13:30:41.026] - eth_getBalance
[2022/12/26 13:30:41.027] -    > {
   >   "jsonrpc": "2.0",
   >   "id": 140,
   >   "method": "eth_getBalance",
   >   "params": [
   >     "0xad84987be0a906e3cf714f196d2a961a130be677",
   >     "latest"
   >   ],
   >   "internal": true
   > }
[2022/12/26 13:30:41.027] - eth_getTransactionCount
[2022/12/26 13:30:41.027] -    > {
   >   "jsonrpc": "2.0",
   >   "id": 141,
   >   "method": "eth_getTransactionCount",
   >   "params": [
   >     "0xad84987be0a906e3cf714f196d2a961a130be677",
   >     "latest"
   >   ],
   >   "internal": true
   > }
[2022/12/26 13:30:41.028] -  <   {
 <     "id": 138,
 <     "jsonrpc": "2.0",
 <     "result": "0x56bc75e2d63100000"
 <   }
[2022/12/26 13:30:41.029] - eth_getBalance
[2022/12/26 13:30:41.029] -    > {
   >   "jsonrpc": "2.0",
   >   "id": 142,
   >   "method": "eth_getBalance",
   >   "params": [
   >     "0xe0a6fe1e04d7511ac18b6e15abc491e7216fed8f",
   >     "latest"
   >   ],
   >   "internal": true
   > }
[2022/12/26 13:30:41.030] - eth_getTransactionCount
[2022/12/26 13:30:41.030] -    > {
   >   "jsonrpc": "2.0",
   >   "id": 143,
   >   "method": "eth_getTransactionCount",
   >   "params": [
   >     "0xe0a6fe1e04d7511ac18b6e15abc491e7216fed8f",
   >     "latest"
   >   ],
   >   "internal": true
   > }
[2022/12/26 13:30:41.037] -  <   {
 <     "id": 139,
 <     "jsonrpc": "2.0",
 <     "result": "0x0"
 <   }
[2022/12/26 13:30:41.052] -  <   {
 <     "id": 140,
 <     "jsonrpc": "2.0",
 <     "result": "0x56bc75e2d63100000"
 <   }
[2022/12/26 13:30:41.068] -  <   {
 <     "id": 141,
 <     "jsonrpc": "2.0",
 <     "result": "0x0"
 <   }
[2022/12/26 13:30:41.084] -  <   {
 <     "id": 142,
 <     "jsonrpc": "2.0",
 <     "result": "0x56bc75e2d63100000"
 <   }
[2022/12/26 13:30:41.095] -  <   {
 <     "id": 143,
 <     "jsonrpc": "2.0",
 <     "result": "0x0"
 <   }
[2022/12/26 13:30:41.096] - eth_getBalance
[2022/12/26 13:30:41.096] -    > {
   >   "jsonrpc": "2.0",
   >   "id": 145,
   >   "method": "eth_getBalance",
   >   "params": [
   >     "0x26933b514554a4060e7f18de349ec8a77bde92d7",
   >     "latest"
   >   ],
   >   "internal": true
   > }
[2022/12/26 13:30:41.100] -  <   {
 <     "id": 145,
 <     "jsonrpc": "2.0",
 <     "result": "0x56bc75e2d63100000"
 <   }
[2022/12/26 13:30:41.100] - eth_getTransactionCount
[2022/12/26 13:30:41.101] -    > {
   >   "jsonrpc": "2.0",
   >   "id": 146,
   >   "method": "eth_getTransactionCount",
   >   "params": [
   >     "0x26933b514554a4060e7f18de349ec8a77bde92d7",
   >     "latest"
   >   ],
   >   "internal": true
   > }
[2022/12/26 13:30:41.104] -  <   {
 <     "id": 146,
 <     "jsonrpc": "2.0",
 <     "result": "0x0"
 <   }
[2022/12/26 13:30:41.105] - eth_getBalance
[2022/12/26 13:30:41.105] -    > {
   >   "jsonrpc": "2.0",
   >   "id": 147,
   >   "method": "eth_getBalance",
   >   "params": [
   >     "0x297ece09fd5c1b80485fa7013f89194ff8307bb1",
   >     "latest"
   >   ],
   >   "internal": true
   > }
[2022/12/26 13:30:41.107] -  <   {
 <     "id": 147,
 <     "jsonrpc": "2.0",
 <     "result": "0x56bc75e2d63100000"
 <   }
[2022/12/26 13:30:41.108] - eth_getTransactionCount
[2022/12/26 13:30:41.108] -    > {
   >   "jsonrpc": "2.0",
   >   "id": 148,
   >   "method": "eth_getTransactionCount",
   >   "params": [
   >     "0x297ece09fd5c1b80485fa7013f89194ff8307bb1",
   >     "latest"
   >   ],
   >   "internal": true
   > }
[2022/12/26 13:30:41.109] - eth_getBalance
[2022/12/26 13:30:41.109] -    > {
   >   "jsonrpc": "2.0",
   >   "id": 149,
   >   "method": "eth_getBalance",
   >   "params": [
   >     "0x318958accf0bf0c6240946342fe686e357c5cc76",
   >     "latest"
   >   ],
   >   "internal": true
   > }
[2022/12/26 13:30:41.111] -  <   {
 <     "id": 148,
 <     "jsonrpc": "2.0",
 <     "result": "0x0"
 <   }
[2022/12/26 13:30:41.115] -  <   {
 <     "id": 149,
 <     "jsonrpc": "2.0",
 <     "result": "0x56bc75e2d63100000"
 <   }
[2022/12/26 13:30:41.115] - eth_getTransactionCount
[2022/12/26 13:30:41.115] -    > {
   >   "jsonrpc": "2.0",
   >   "id": 150,
   >   "method": "eth_getTransactionCount",
   >   "params": [
   >     "0x318958accf0bf0c6240946342fe686e357c5cc76",
   >     "latest"
   >   ],
   >   "internal": true
   > }
[2022/12/26 13:30:41.119] -  <   {
 <     "id": 150,
 <     "jsonrpc": "2.0",
 <     "result": "0x0"
 <   }
[2022/12/26 13:30:41.119] - eth_getBalance
[2022/12/26 13:30:41.120] -    > {
   >   "jsonrpc": "2.0",
   >   "id": 151,
   >   "method": "eth_getBalance",
   >   "params": [
   >     "0x3f97457c060dda082fddbccc3aca5131a599a2be",
   >     "latest"
   >   ],
   >   "internal": true
   > }
[2022/12/26 13:30:41.122] -  <   {
 <     "id": 151,
 <     "jsonrpc": "2.0",
 <     "result": "0x56bc75e2d63100000"
 <   }
[2022/12/26 13:30:41.123] - eth_getTransactionCount
[2022/12/26 13:30:41.123] -    > {
   >   "jsonrpc": "2.0",
   >   "id": 152,
   >   "method": "eth_getTransactionCount",
   >   "params": [
   >     "0x3f97457c060dda082fddbccc3aca5131a599a2be",
   >     "latest"
   >   ],
   >   "internal": true
   > }
[2022/12/26 13:30:41.124] - eth_getBalance
[2022/12/26 13:30:41.124] -    > {
   >   "jsonrpc": "2.0",
   >   "id": 153,
   >   "method": "eth_getBalance",
   >   "params": [
   >     "0x3629f770cc7c9e3c0106a67413641c78e6b4fea4",
   >     "latest"
   >   ],
   >   "internal": true
   > }
[2022/12/26 13:30:41.125] -  <   {
 <     "id": 152,
 <     "jsonrpc": "2.0",
 <     "result": "0x0"
 <   }
[2022/12/26 13:30:41.127] -  <   {
 <     "id": 153,
 <     "jsonrpc": "2.0",
 <     "result": "0x56bc75e2d63100000"
 <   }
[2022/12/26 13:30:41.128] - eth_getTransactionCount
[2022/12/26 13:30:41.128] -    > {
   >   "jsonrpc": "2.0",
   >   "id": 154,
   >   "method": "eth_getTransactionCount",
   >   "params": [
   >     "0x3629f770cc7c9e3c0106a67413641c78e6b4fea4",
   >     "latest"
   >   ],
   >   "internal": true
   > }
[2022/12/26 13:30:41.132] -  <   {
 <     "id": 154,
 <     "jsonrpc": "2.0",
 <     "result": "0x0"
 <   }
[2022/12/26 13:30:41.134] - eth_getBalance
[2022/12/26 13:30:41.134] -    > {
   >   "jsonrpc": "2.0",
   >   "id": 155,
   >   "method": "eth_getBalance",
   >   "params": [
   >     "0x2da8634f934820baf2f995033e5541129619ec1a",
   >     "latest"
   >   ],
   >   "internal": true
   > }
[2022/12/26 13:30:41.138] -  <   {
 <     "id": 155,
 <     "jsonrpc": "2.0",
 <     "result": "0x56bc75e2d63100000"
 <   }
[2022/12/26 13:30:41.138] - eth_getTransactionCount
[2022/12/26 13:30:41.138] -    > {
   >   "jsonrpc": "2.0",
   >   "id": 156,
   >   "method": "eth_getTransactionCount",
   >   "params": [
   >     "0x2da8634f934820baf2f995033e5541129619ec1a",
   >     "latest"
   >   ],
   >   "internal": true
   > }
[2022/12/26 13:30:41.142] -  <   {
 <     "id": 156,
 <     "jsonrpc": "2.0",
 <     "result": "0x0"
 <   }
[2022/12/26 13:30:41.143] - eth_getBalance
[2022/12/26 13:30:41.143] -    > {
   >   "jsonrpc": "2.0",
   >   "id": 157,
   >   "method": "eth_getBalance",
   >   "params": [
   >     "0x8efeaa01e339355288c2fdd29ccd0826f83e862e",
   >     "latest"
   >   ],
   >   "internal": true
   > }
[2022/12/26 13:30:41.143] - eth_getTransactionCount
[2022/12/26 13:30:41.143] -    > {
   >   "jsonrpc": "2.0",
   >   "id": 158,
   >   "method": "eth_getTransactionCount",
   >   "params": [
   >     "0x8efeaa01e339355288c2fdd29ccd0826f83e862e",
   >     "latest"
   >   ],
   >   "internal": true
   > }
[2022/12/26 13:30:41.147] -  <   {
 <     "id": 157,
 <     "jsonrpc": "2.0",
 <     "result": "0x56bc75e2d63100000"
 <   }
[2022/12/26 13:30:41.147] - eth_getBalance
[2022/12/26 13:30:41.148] -    > {
   >   "jsonrpc": "2.0",
   >   "id": 159,
   >   "method": "eth_getBalance",
   >   "params": [
   >     "0x478378ebda875c38aacd1b85366d57767dffa4bb",
   >     "latest"
   >   ],
   >   "internal": true
   > }
[2022/12/26 13:30:41.150] -  <   {
 <     "id": 158,
 <     "jsonrpc": "2.0",
 <     "result": "0x0"
 <   }
[2022/12/26 13:30:41.150] - eth_getTransactionCount
[2022/12/26 13:30:41.150] -    > {
   >   "jsonrpc": "2.0",
   >   "id": 160,
   >   "method": "eth_getTransactionCount",
   >   "params": [
   >     "0x478378ebda875c38aacd1b85366d57767dffa4bb",
   >     "latest"
   >   ],
   >   "internal": true
   > }
[2022/12/26 13:30:41.152] -  <   {
 <     "id": 159,
 <     "jsonrpc": "2.0",
 <     "result": "0x56bc75e2d63100000"
 <   }
[2022/12/26 13:30:41.153] - eth_getBalance
[2022/12/26 13:30:41.153] -    > {
   >   "jsonrpc": "2.0",
   >   "id": 161,
   >   "method": "eth_getBalance",
   >   "params": [
   >     "0xad84987be0a906e3cf714f196d2a961a130be677",
   >     "latest"
   >   ],
   >   "internal": true
   > }
[2022/12/26 13:30:41.154] -  <   {
 <     "id": 160,
 <     "jsonrpc": "2.0",
 <     "result": "0x0"
 <   }
[2022/12/26 13:30:41.154] - eth_getTransactionCount
[2022/12/26 13:30:41.155] -    > {
   >   "jsonrpc": "2.0",
   >   "id": 162,
   >   "method": "eth_getTransactionCount",
   >   "params": [
   >     "0xad84987be0a906e3cf714f196d2a961a130be677",
   >     "latest"
   >   ],
   >   "internal": true
   > }
[2022/12/26 13:30:41.158] -  <   {
 <     "id": 161,
 <     "jsonrpc": "2.0",
 <     "result": "0x56bc75e2d63100000"
 <   }
[2022/12/26 13:30:41.158] - eth_getBalance
[2022/12/26 13:30:41.159] -    > {
   >   "jsonrpc": "2.0",
   >   "id": 163,
   >   "method": "eth_getBalance",
   >   "params": [
   >     "0xe0a6fe1e04d7511ac18b6e15abc491e7216fed8f",
   >     "latest"
   >   ],
   >   "internal": true
   > }
[2022/12/26 13:30:41.161] -  <   {
 <     "id": 162,
 <     "jsonrpc": "2.0",
 <     "result": "0x0"
 <   }
[2022/12/26 13:30:41.161] - eth_getTransactionCount
[2022/12/26 13:30:41.161] -    > {
   >   "jsonrpc": "2.0",
   >   "id": 164,
   >   "method": "eth_getTransactionCount",
   >   "params": [
   >     "0xe0a6fe1e04d7511ac18b6e15abc491e7216fed8f",
   >     "latest"
   >   ],
   >   "internal": true
   > }
[2022/12/26 13:30:41.164] -  <   {
 <     "id": 163,
 <     "jsonrpc": "2.0",
 <     "result": "0x56bc75e2d63100000"
 <   }
[2022/12/26 13:30:41.168] -  <   {
 <     "id": 164,
 <     "jsonrpc": "2.0",
 <     "result": "0x0"
 <   }
[2022/12/26 13:30:41.168] - eth_getBalance
[2022/12/26 13:30:41.169] -    > {
   >   "jsonrpc": "2.0",
   >   "id": 165,
   >   "method": "eth_getBalance",
   >   "params": [
   >     "0x26933b514554a4060e7f18de349ec8a77bde92d7",
   >     "latest"
   >   ],
   >   "internal": true
   > }
[2022/12/26 13:30:41.171] -  <   {
 <     "id": 165,
 <     "jsonrpc": "2.0",
 <     "result": "0x56bc75e2d63100000"
 <   }
[2022/12/26 13:30:41.172] - eth_getTransactionCount
[2022/12/26 13:30:41.172] -    > {
   >   "jsonrpc": "2.0",
   >   "id": 166,
   >   "method": "eth_getTransactionCount",
   >   "params": [
   >     "0x26933b514554a4060e7f18de349ec8a77bde92d7",
   >     "latest"
   >   ],
   >   "internal": true
   > }
[2022/12/26 13:30:41.174] -  <   {
 <     "id": 166,
 <     "jsonrpc": "2.0",
 <     "result": "0x0"
 <   }
[2022/12/26 13:30:41.174] - eth_getBalance
[2022/12/26 13:30:41.175] -    > {
   >   "jsonrpc": "2.0",
   >   "id": 167,
   >   "method": "eth_getBalance",
   >   "params": [
   >     "0x297ece09fd5c1b80485fa7013f89194ff8307bb1",
   >     "latest"
   >   ],
   >   "internal": true
   > }
[2022/12/26 13:30:41.177] -  <   {
 <     "id": 167,
 <     "jsonrpc": "2.0",
 <     "result": "0x56bc75e2d63100000"
 <   }
[2022/12/26 13:30:41.177] - eth_getTransactionCount
[2022/12/26 13:30:41.177] -    > {
   >   "jsonrpc": "2.0",
   >   "id": 168,
   >   "method": "eth_getTransactionCount",
   >   "params": [
   >     "0x297ece09fd5c1b80485fa7013f89194ff8307bb1",
   >     "latest"
   >   ],
   >   "internal": true
   > }
[2022/12/26 13:30:41.179] -  <   {
 <     "id": 168,
 <     "jsonrpc": "2.0",
 <     "result": "0x0"
 <   }
[2022/12/26 13:30:41.180] - eth_getBalance
[2022/12/26 13:30:41.181] -    > {
   >   "jsonrpc": "2.0",
   >   "id": 169,
   >   "method": "eth_getBalance",
   >   "params": [
   >     "0x318958accf0bf0c6240946342fe686e357c5cc76",
   >     "latest"
   >   ],
   >   "internal": true
   > }
[2022/12/26 13:30:41.182] - eth_getTransactionCount
[2022/12/26 13:30:41.182] -    > {
   >   "jsonrpc": "2.0",
   >   "id": 170,
   >   "method": "eth_getTransactionCount",
   >   "params": [
   >     "0x318958accf0bf0c6240946342fe686e357c5cc76",
   >     "latest"
   >   ],
   >   "internal": true
   > }
[2022/12/26 13:30:41.183] -  <   {
 <     "id": 169,
 <     "jsonrpc": "2.0",
 <     "result": "0x56bc75e2d63100000"
 <   }
[2022/12/26 13:30:41.186] -  <   {
 <     "id": 170,
 <     "jsonrpc": "2.0",
 <     "result": "0x0"
 <   }
[2022/12/26 13:30:41.186] - eth_getBalance
[2022/12/26 13:30:41.187] -    > {
   >   "jsonrpc": "2.0",
   >   "id": 171,
   >   "method": "eth_getBalance",
   >   "params": [
   >     "0x3f97457c060dda082fddbccc3aca5131a599a2be",
   >     "latest"
   >   ],
   >   "internal": true
   > }
[2022/12/26 13:30:41.188] -  <   {
 <     "id": 171,
 <     "jsonrpc": "2.0",
 <     "result": "0x56bc75e2d63100000"
 <   }
[2022/12/26 13:30:41.189] - eth_getTransactionCount
[2022/12/26 13:30:41.189] -    > {
   >   "jsonrpc": "2.0",
   >   "id": 172,
   >   "method": "eth_getTransactionCount",
   >   "params": [
   >     "0x3f97457c060dda082fddbccc3aca5131a599a2be",
   >     "latest"
   >   ],
   >   "internal": true
   > }
[2022/12/26 13:30:41.192] -  <   {
 <     "id": 172,
 <     "jsonrpc": "2.0",
 <     "result": "0x0"
 <   }
[2022/12/26 13:30:41.194] - eth_getBalance
[2022/12/26 13:30:41.194] -    > {
   >   "jsonrpc": "2.0",
   >   "id": 173,
   >   "method": "eth_getBalance",
   >   "params": [
   >     "0x3629f770cc7c9e3c0106a67413641c78e6b4fea4",
   >     "latest"
   >   ],
   >   "internal": true
   > }
[2022/12/26 13:30:41.197] -  <   {
 <     "id": 173,
 <     "jsonrpc": "2.0",
 <     "result": "0x56bc75e2d63100000"
 <   }
[2022/12/26 13:30:41.199] - eth_getTransactionCount
[2022/12/26 13:30:41.199] -    > {
   >   "jsonrpc": "2.0",
   >   "id": 174,
   >   "method": "eth_getTransactionCount",
   >   "params": [
   >     "0x3629f770cc7c9e3c0106a67413641c78e6b4fea4",
   >     "latest"
   >   ],
   >   "internal": true
   > }
[2022/12/26 13:30:41.202] -  <   {
 <     "id": 174,
 <     "jsonrpc": "2.0",
 <     "result": "0x0"
 <   }
[2022/12/26 13:30:41.202] - eth_getBalance
[2022/12/26 13:30:41.203] -    > {
   >   "jsonrpc": "2.0",
   >   "id": 175,
   >   "method": "eth_getBalance",
   >   "params": [
   >     "0x2da8634f934820baf2f995033e5541129619ec1a",
   >     "latest"
   >   ],
   >   "internal": true
   > }
[2022/12/26 13:30:41.204] -  <   {
 <     "id": 175,
 <     "jsonrpc": "2.0",
 <     "result": "0x56bc75e2d63100000"
 <   }
[2022/12/26 13:30:41.205] - eth_getTransactionCount
[2022/12/26 13:30:41.205] -    > {
   >   "jsonrpc": "2.0",
   >   "id": 176,
   >   "method": "eth_getTransactionCount",
   >   "params": [
   >     "0x2da8634f934820baf2f995033e5541129619ec1a",
   >     "latest"
   >   ],
   >   "internal": true
   > }
[2022/12/26 13:30:41.206] - eth_getBalance
[2022/12/26 13:30:41.206] -    > {
   >   "jsonrpc": "2.0",
   >   "id": 177,
   >   "method": "eth_getBalance",
   >   "params": [
   >     "0x8efeaa01e339355288c2fdd29ccd0826f83e862e",
   >     "latest"
   >   ],
   >   "internal": true
   > }
[2022/12/26 13:30:41.207] -  <   {
 <     "id": 176,
 <     "jsonrpc": "2.0",
 <     "result": "0x0"
 <   }
[2022/12/26 13:30:41.209] -  <   {
 <     "id": 177,
 <     "jsonrpc": "2.0",
 <     "result": "0x56bc75e2d63100000"
 <   }
[2022/12/26 13:30:41.210] - eth_getTransactionCount
[2022/12/26 13:30:41.210] -    > {
   >   "jsonrpc": "2.0",
   >   "id": 178,
   >   "method": "eth_getTransactionCount",
   >   "params": [
   >     "0x8efeaa01e339355288c2fdd29ccd0826f83e862e",
   >     "latest"
   >   ],
   >   "internal": true
   > }
[2022/12/26 13:30:41.212] -  <   {
 <     "id": 178,
 <     "jsonrpc": "2.0",
 <     "result": "0x0"
 <   }
[2022/12/26 13:30:41.214] - eth_getBalance
[2022/12/26 13:30:41.215] -    > {
   >   "jsonrpc": "2.0",
   >   "id": 179,
   >   "method": "eth_getBalance",
   >   "params": [
   >     "0x478378ebda875c38aacd1b85366d57767dffa4bb",
   >     "latest"
   >   ],
   >   "internal": true
   > }
[2022/12/26 13:30:41.218] -  <   {
 <     "id": 179,
 <     "jsonrpc": "2.0",
 <     "result": "0x56bc75e2d63100000"
 <   }
[2022/12/26 13:30:41.219] - eth_getTransactionCount
[2022/12/26 13:30:41.219] -    > {
   >   "jsonrpc": "2.0",
   >   "id": 180,
   >   "method": "eth_getTransactionCount",
   >   "params": [
   >     "0x478378ebda875c38aacd1b85366d57767dffa4bb",
   >     "latest"
   >   ],
   >   "internal": true
   > }
[2022/12/26 13:30:41.220] - eth_getBalance
[2022/12/26 13:30:41.220] -    > {
   >   "jsonrpc": "2.0",
   >   "id": 181,
   >   "method": "eth_getBalance",
   >   "params": [
   >     "0xad84987be0a906e3cf714f196d2a961a130be677",
   >     "latest"
   >   ],
   >   "internal": true
   > }
[2022/12/26 13:30:41.221] -  <   {
 <     "id": 180,
 <     "jsonrpc": "2.0",
 <     "result": "0x0"
 <   }
[2022/12/26 13:30:41.223] -  <   {
 <     "id": 181,
 <     "jsonrpc": "2.0",
 <     "result": "0x56bc75e2d63100000"
 <   }
[2022/12/26 13:30:41.224] - eth_getTransactionCount
[2022/12/26 13:30:41.224] -    > {
   >   "jsonrpc": "2.0",
   >   "id": 182,
   >   "method": "eth_getTransactionCount",
   >   "params": [
   >     "0xad84987be0a906e3cf714f196d2a961a130be677",
   >     "latest"
   >   ],
   >   "internal": true
   > }
[2022/12/26 13:30:41.225] -  <   {
 <     "id": 182,
 <     "jsonrpc": "2.0",
 <     "result": "0x0"
 <   }
[2022/12/26 13:30:41.226] - eth_getBalance
[2022/12/26 13:30:41.226] -    > {
   >   "jsonrpc": "2.0",
   >   "id": 183,
   >   "method": "eth_getBalance",
   >   "params": [
   >     "0xe0a6fe1e04d7511ac18b6e15abc491e7216fed8f",
   >     "latest"
   >   ],
   >   "internal": true
   > }
[2022/12/26 13:30:41.228] -  <   {
 <     "id": 183,
 <     "jsonrpc": "2.0",
 <     "result": "0x56bc75e2d63100000"
 <   }
[2022/12/26 13:30:41.229] - eth_getTransactionCount
[2022/12/26 13:30:41.230] -    > {
   >   "jsonrpc": "2.0",
   >   "id": 184,
   >   "method": "eth_getTransactionCount",
   >   "params": [
   >     "0xe0a6fe1e04d7511ac18b6e15abc491e7216fed8f",
   >     "latest"
   >   ],
   >   "internal": true
   > }
[2022/12/26 13:30:41.244] -  <   {
 <     "id": 184,
 <     "jsonrpc": "2.0",
 <     "result": "0x0"
 <   }
[2022/12/26 13:31:19.256] - eth_getBlockByNumber
[2022/12/26 13:31:19.256] -    > {
   >   "jsonrpc": "2.0",
   >   "id": 185,
   >   "method": "eth_getBlockByNumber",
   >   "params": [
   >     "0x0",
   >     true
   >   ],
   >   "internal": true
   > }
[2022/12/26 13:31:19.270] -  <   {
 <     "id": 185,
 <     "jsonrpc": "2.0",
 <     "result": {
 <       "number": "0x0",
 <       "hash": "0xb1a218c5fdff35062375ec944407eb7f094ac51b1a534f5df270d72795d22e9b",
 <       "parentHash": "0x0000000000000000000000000000000000000000000000000000000000000000",
 <       "mixHash": "0x0000000000000000000000000000000000000000000000000000000000000000",
 <       "nonce": "0x0000000000000000",
 <       "sha3Uncles": "0x1dcc4de8dec75d7aab85b567b6ccd41ad312451b948a7413f0a142fd40d49347",
 <       "logsBloom": "0x00000000000000000000000000000000000000000000000000000000000000000000000000000000000000000000000000000000000000000000000000000000000000000000000000000000000000000000000000000000000000000000000000000000000000000000000000000000000000000000000000000000000000000000000000000000000000000000000000000000000000000000000000000000000000000000000000000000000000000000000000000000000000000000000000000000000000000000000000000000000000000000000000000000000000000000000000000000000000000000000000000000000000000000000000000000",
 <       "transactionsRoot": "0x56e81f171bcc55a6ff8345e692c0f86e5b48e01b996cadc001622fb5e363b421",
 <       "stateRoot": "0x7b238a32d7598320dad8b3a52cebf6e6b15b72812bf3e74c3b774023de0a5107",
 <       "receiptsRoot": "0x56e81f171bcc55a6ff8345e692c0f86e5b48e01b996cadc001622fb5e363b421",
 <       "miner": "0x0000000000000000000000000000000000000000",
 <       "difficulty": "0x0",
 <       "totalDifficulty": "0x0",
 <       "extraData": "0x",
 <       "size": "0x3e8",
 <       "gasLimit": "0x6691b7",
 <       "gasUsed": "0x0",
 <       "timestamp": "0x63a94da0",
 <       "transactions": [],
 <       "uncles": []
 <     }
 <   }
[2022/12/26 13:31:20.807] - eth_getBlockByNumber
[2022/12/26 13:31:20.807] -    > {
   >   "jsonrpc": "2.0",
   >   "id": 186,
   >   "method": "eth_getBlockByNumber",
   >   "params": [
   >     "0x0",
   >     false
   >   ],
   >   "internal": true
   > }
[2022/12/26 13:31:20.820] -  <   {
 <     "id": 186,
 <     "jsonrpc": "2.0",
 <     "result": {
 <       "number": "0x0",
 <       "hash": "0xb1a218c5fdff35062375ec944407eb7f094ac51b1a534f5df270d72795d22e9b",
 <       "parentHash": "0x0000000000000000000000000000000000000000000000000000000000000000",
 <       "mixHash": "0x0000000000000000000000000000000000000000000000000000000000000000",
 <       "nonce": "0x0000000000000000",
 <       "sha3Uncles": "0x1dcc4de8dec75d7aab85b567b6ccd41ad312451b948a7413f0a142fd40d49347",
 <       "logsBloom": "0x00000000000000000000000000000000000000000000000000000000000000000000000000000000000000000000000000000000000000000000000000000000000000000000000000000000000000000000000000000000000000000000000000000000000000000000000000000000000000000000000000000000000000000000000000000000000000000000000000000000000000000000000000000000000000000000000000000000000000000000000000000000000000000000000000000000000000000000000000000000000000000000000000000000000000000000000000000000000000000000000000000000000000000000000000000000",
 <       "transactionsRoot": "0x56e81f171bcc55a6ff8345e692c0f86e5b48e01b996cadc001622fb5e363b421",
 <       "stateRoot": "0x7b238a32d7598320dad8b3a52cebf6e6b15b72812bf3e74c3b774023de0a5107",
 <       "receiptsRoot": "0x56e81f171bcc55a6ff8345e692c0f86e5b48e01b996cadc001622fb5e363b421",
 <       "miner": "0x0000000000000000000000000000000000000000",
 <       "difficulty": "0x0",
 <       "totalDifficulty": "0x0",
 <       "extraData": "0x",
 <       "size": "0x3e8",
 <       "gasLimit": "0x6691b7",
 <       "gasUsed": "0x0",
 <       "timestamp": "0x63a94da0",
 <       "transactions": [],
 <       "uncles": []
 <     }
 <   }
[2022/12/26 13:31:20.830] - eth_getBlockTransactionCountByHash
[2022/12/26 13:31:20.830] -    > {
   >   "jsonrpc": "2.0",
   >   "id": 187,
   >   "method": "eth_getBlockTransactionCountByHash",
   >   "params": [
   >     "0xb1a218c5fdff35062375ec944407eb7f094ac51b1a534f5df270d72795d22e9b"
   >   ],
   >   "internal": true
   > }
[2022/12/26 13:31:20.836] -  <   {
 <     "id": 187,
 <     "jsonrpc": "2.0",
 <     "result": "0x0"
 <   }
[2022/12/26 13:31:33.183] - eth_unsubscribe
[2022/12/26 13:31:33.183] -    > {
   >   "jsonrpc": "2.0",
   >   "id": 15,
   >   "method": "eth_unsubscribe",
   >   "params": [
   >     "0x3"
   >   ]
   > }
[2022/12/26 13:31:33.184] - eth_unsubscribe
[2022/12/26 13:31:33.184] -    > {
   >   "jsonrpc": "2.0",
   >   "id": 16,
   >   "method": "eth_unsubscribe",
   >   "params": [
   >     "0x4"
   >   ]
   > }
[2022/12/26 13:31:33.186] -  <   {
 <     "id": 15,
 <     "jsonrpc": "2.0",
 <     "result": true
 <   }
[2022/12/26 13:31:33.195] -    > {
   >   "jsonrpc": "2.0",
   >   "method": "eth_unsubscribe",
   >   "params": [
   >     "0x5"
   >   ],
   >   "id": 1672039893194
   > }
[2022/12/26 13:31:33.195] -    > {
   >   "jsonrpc": "2.0",
   >   "method": "eth_unsubscribe",
   >   "params": [
   >     "0x4"
   >   ],
   >   "id": 1672039893195
   > }
[2022/12/26 13:31:33.195] -    > {
   >   "jsonrpc": "2.0",
   >   "method": "eth_unsubscribe",
   >   "params": [
   >     "0x6"
   >   ],
   >   "id": 1672039893195
   > }
[2022/12/26 13:31:33.196] -    > {
   >   "jsonrpc": "2.0",
   >   "method": "eth_unsubscribe",
   >   "params": [
   >     "0x1"
   >   ],
   >   "id": 1672039893195
   > }
[2022/12/26 13:31:33.196] -    > {
   >   "jsonrpc": "2.0",
   >   "method": "eth_unsubscribe",
   >   "params": [
   >     "0x2"
   >   ],
   >   "id": 1672039893196
   > }
[2022/12/26 13:31:33.196] -  <   {
 <     "id": 16,
 <     "jsonrpc": "2.0",
 <     "result": true
 <   }
[2022/12/26 13:31:33.201] -  <   {
 <     "id": 1672039893194,
 <     "jsonrpc": "2.0",
 <     "result": true
 <   }
[2022/12/26 13:31:33.217] -  <   {
 <     "id": 1672039893195,
 <     "jsonrpc": "2.0",
 <     "error": {
 <       "message": "Subscription ID 0x4 not found.",
 <       "code": -32000,
 <       "data": {
 <         "stack": "Error: Subscription ID 0x4 not found.\n    at SubscriptionSubprovider.eth_unsubscribe (C:\\Program Files\\WindowsApps\\GanacheUI_2.5.4.0_x64__5dg5pnz03psnj\\app\\resources\\static\\node\\node_modules\\ganache-core\\node_modules\\web3-provider-engine\\subproviders\\subscriptions.js:78:8)\n    at SubscriptionSubprovider.handleRequest (C:\\Program Files\\WindowsApps\\GanacheUI_2.5.4.0_x64__5dg5pnz03psnj\\app\\resources\\static\\node\\node_modules\\ganache-core\\node_modules\\web3-provider-engine\\subproviders\\subscriptions.js:134:12)\n    at next (C:\\Program Files\\WindowsApps\\GanacheUI_2.5.4.0_x64__5dg5pnz03psnj\\app\\resources\\static\\node\\node_modules\\ganache-core\\node_modules\\web3-provider-engine\\index.js:136:18)\n    at DelayedBlockFilter.handleRequest (C:\\Program Files\\WindowsApps\\GanacheUI_2.5.4.0_x64__5dg5pnz03psnj\\app\\resources\\static\\node\\node_modules\\ganache-core\\lib\\subproviders\\delayedblockfilter.js:31:3)\n    at next (C:\\Program Files\\WindowsApps\\GanacheUI_2.5.4.0_x64__5dg5pnz03psnj\\app\\resources\\static\\node\\node_modules\\ganache-core\\node_modules\\web3-provider-engine\\index.js:136:18)\n    at RequestFunnel.handleRequest (C:\\Program Files\\WindowsApps\\GanacheUI_2.5.4.0_x64__5dg5pnz03psnj\\app\\resources\\static\\node\\node_modules\\ganache-core\\lib\\subproviders\\requestfunnel.js:32:12)\n    at next (C:\\Program Files\\WindowsApps\\GanacheUI_2.5.4.0_x64__5dg5pnz03psnj\\app\\resources\\static\\node\\node_modules\\ganache-core\\node_modules\\web3-provider-engine\\index.js:136:18)\n    at Web3ProviderEngine._handleAsync (C:\\Program Files\\WindowsApps\\GanacheUI_2.5.4.0_x64__5dg5pnz03psnj\\app\\resources\\static\\node\\node_modules\\ganache-core\\node_modules\\web3-provider-engine\\index.js:123:3)\n    at Timeout._onTimeout (C:\\Program Files\\WindowsApps\\GanacheUI_2.5.4.0_x64__5dg5pnz03psnj\\app\\resources\\static\\node\\node_modules\\ganache-core\\node_modules\\web3-provider-engine\\index.js:107:12)\n    at listOnTimeout (internal/timers.js:531:17)\n    at processTimers (internal/timers.js:475:7)",
 <         "name": "Error"
 <       }
 <     }
 <   }
[2022/12/26 13:31:33.243] -  <   {
 <     "id": 1672039893195,
 <     "jsonrpc": "2.0",
 <     "result": true
 <   }
[2022/12/26 13:31:33.249] -  <   {
 <     "id": 1672039893195,
 <     "jsonrpc": "2.0",
 <     "result": true
 <   }
[2022/12/26 13:31:33.265] -  <   {
 <     "id": 1672039893196,
 <     "jsonrpc": "2.0",
 <     "result": true
 <   }
